"../../../Engine/Content/Functions/Engine_MaterialFunctions01/Shading/PowerToRoughness.uasset" 0
"../../../Engine/Content/Functions/Engine_MaterialFunctions01/Shading/ConvertFromDiffSpec.uasset" 1
"../../../Engine/Content/EngineMaterials/DefaultDiffuse.uasset" 2
"../../../Engine/Content/EngineMaterials/DefaultDeferredDecalMaterial.uasset" 3
"../../../Engine/Content/EngineMaterials/DefaultLightFunctionMaterial.uasset" 4
"../../../Engine/Content/Functions/Engine_MaterialFunctions02/Utility/BreakOutFloat2Components.uasset" 5
"../../../Engine/Content/EngineMaterials/DefaultPostProcessMaterial.uasset" 6
"../../../Engine/Content/EditorMaterials/Camera/CineMat.uasset" 7
"../../../Engine/Content/EditorMaterials/Camera/MI_CineMat_Rig.uasset" 8
"../../../Engine/Content/EditorMeshes/Camera/SM_CraneRig_Base.uasset" 9
"../../../Engine/Content/EditorMeshes/Camera/SM_CraneRig_Arm.uasset" 10
"../../../Engine/Content/EditorMeshes/Camera/SM_CraneRig_Mount.uasset" 11
"../../../Engine/Content/EditorMeshes/Camera/SM_CraneRig_Body.uasset" 12
"../../../Engine/Content/EditorMeshes/Camera/SM_RailRig_Track.uasset" 13
"../../../Engine/Content/EditorMeshes/Camera/SM_RailRig_Mount.uasset" 14
"../../../Engine/Content/EngineResources/AICON-Red.uasset" 15
"../../../Engine/Content/EngineResources/AICON-Green.uasset" 16
"../../../Engine/Content/EngineFonts/Roboto.uasset" 17
"../../../Engine/Content/EngineResources/DefaultTexture.uasset" 18
"../../../Engine/Content/Functions/Engine_MaterialFunctions01/Texturing/ScaleUVsByCenter.uasset" 19
"../../../Engine/Content/Functions/Engine_MaterialFunctions02/ScreenResolution.uasset" 20
"../../../Engine/Content/Functions/Engine_MaterialFunctions02/Texturing/ScreenAlignedUVs.uasset" 21
"../../../Engine/Content/EngineResources/WhiteSquareTexture.uasset" 22
"../../../Engine/Content/EngineMaterials/Widget3DPassThrough.uasset" 23
"../../../Engine/Content/EngineMaterials/Widget3DPassThrough_Translucent.uasset" 24
"../../../Engine/Content/EngineMaterials/Widget3DPassThrough_Translucent_OneSided.uasset" 25
"../../../Engine/Content/EngineMaterials/Widget3DPassThrough_Opaque.uasset" 26
"../../../Engine/Content/EngineMaterials/Widget3DPassThrough_Opaque_OneSided.uasset" 27
"../../../Engine/Content/EngineMaterials/Widget3DPassThrough_Masked.uasset" 28
"../../../Engine/Content/EngineMaterials/Widget3DPassThrough_Masked_OneSided.uasset" 29
"../../../Engine/Content/EditorResources/S_Actor.uasset" 30
"../../../Engine/Content/EditorMaterials/AssetViewer/EpicQuadPanorama_CC+EV1.uasset" 31
"../../../Engine/Content/EditorResources/RGBTable16x1_AssetViewer.uasset" 32
"../../../Engine/Content/Maps/Templates/Thumbnails/Default.uasset" 33
"../../../Engine/Content/Maps/Templates/Thumbnails/VR-Basic.uasset" 34
"../../../Engine/Content/EditorMaterials/ParticleSystems/PSysThumbnail_NoImage.uasset" 35
"../../../Engine/Content/EditorMaterials/ParticleSystems/PSysThumbnail_OOD.uasset" 36
"../../../Engine/Content/EditorLandscapeResources/DataLayer.uasset" 37
"../../../Engine/Content/EngineDamageTypes/DmgTypeBP_Environmental.uasset" 38
"../../../Engine/Content/EngineMeshes/Sphere.uasset" 39
"../../../Engine/Content/EngineFonts/RobotoDistanceField.uasset" 40
"../../../Engine/Content/EngineMaterials/DefaultTextMaterialOpaque.uasset" 41
"../../../Engine/Content/EditorResources/S_Trigger.uasset" 42
"../../../Engine/Content/EngineResources/GradientTexture0.uasset" 43
"../../../Engine/Content/EngineResources/Black.uasset" 44
"../../../Engine/Content/EditorMaterials/MatineeGroups/MAT_Groups_Float.uasset" 45
"../../../Engine/Content/EditorMaterials/MatineeGroups/MAT_Groups_Director.uasset" 46
"../../../Engine/Content/EditorMaterials/MatineeGroups/MAT_Groups_Event.uasset" 47
"../../../Engine/Content/EditorMaterials/MatineeGroups/MAT_Groups_Anim.uasset" 48
"../../../Engine/Content/EditorMaterials/MatineeGroups/MAT_Groups_Fade.uasset" 49
"../../../Engine/Content/EditorMaterials/MatineeGroups/MAT_Groups_Move.uasset" 50
"../../../Engine/Content/EditorMaterials/MatineeGroups/MAT_Groups_Slomo.uasset" 51
"../../../Engine/Content/EditorMaterials/MatineeGroups/MAT_ColorTrack.uasset" 52
"../../../Engine/Content/EditorMaterials/MAT_Groups_Toggle.uasset" 53
"../../../Engine/Content/EditorMaterials/MatineeGroups/MAT_Groups_AudioMaster.uasset" 54
"../../../Engine/Content/EditorMaterials/MatineeGroups/MAT_Groups_Sound.uasset" 55
"../../../Engine/Content/EditorMaterials/MatineeGroups/MAT_Groups_Vector.uasset" 56
"../../../Engine/Content/EditorMaterials/MAT_Groups_Visibility.uasset" 57
"../../../Engine/Content/EngineResources/DefaultTextureCube.uasset" 58
"../../../Engine/Content/Functions/Engine_MaterialFunctions01/Opacity/CameraDepthFade.uasset" 59
"../../../Engine/Content/EngineMaterials/T_Default_Material_Grid_M.uasset" 60
"../../../Engine/Content/EngineMaterials/T_Default_Material_Grid_N.uasset" 61
"../../../Engine/Content/EngineMaterials/DefaultMaterial.uasset" 62
"../../../Engine/Content/EngineMeshes/Cylinder.uasset" 63
"../../../Engine/Content/EngineTireTypes/DefaultTireType.uasset" 64
"../../../Engine/Content/VREditor/LaserPointer/VR_LaserPower_01.uasset" 65
"../../../Engine/Content/VREditor/TransformGizmo/TransformGizmoMaterial.uasset" 66
"../../../Engine/Content/VREditor/TransformGizmo/TranslucentTransformGizmoMaterial.uasset" 67
"../../../Engine/Content/VREditor/TransformGizmo/UniformScaleHandle.uasset" 68
"../../../Engine/Content/VREditor/TransformGizmo/TranslateHandleLong.uasset" 69
"../../../Engine/Content/VREditor/TransformGizmo/PlaneTranslationHandle.uasset" 70
"../../../Engine/Content/VREditor/TransformGizmo/RotationHandleFull.uasset" 71
"../../../Engine/Content/VREditor/TransformGizmo/StretchingHandle.uasset" 72
"../../../Engine/Content/VREditor/TransformGizmo/BoundingBoxCorner.uasset" 73
"../../../Engine/Content/VREditor/TransformGizmo/BoundingBoxEdge.uasset" 74
"../../../Engine/Content/VREditor/UI/SelectionBarMesh.uasset" 75
"../../../Engine/Content/VREditor/UI/CloseButtonMesh.uasset" 76
"../../../Engine/Content/VREditor/FloatingText/LineMaterial.uasset" 77
"../../../Engine/Content/VREditor/FloatingText/LineSegmentCylinder.uasset" 78
"../../../Engine/Content/VREditor/FloatingText/JointSphere.uasset" 79
"../../../Engine/Content/VREditor/Fonts/VRText_RobotoLarge.uasset" 80
"../../../Engine/Content/VREditor/Fonts/VRTextMaterial.uasset" 81
"../../../Engine/Content/VREditor/Fonts/TranslucentVRTextMaterial.uasset" 82
"../../../Engine/Content/VREditor/TransformGizmo/TranslationHandle.uasset" 83
"../../../Engine/Content/VREditor/TransformGizmo/RotationHandle.uasset" 84
"../../../Engine/Content/VREditor/Devices/Generic/GenericHMDMaterial.uasset" 85
"../../../Engine/Content/VREditor/Devices/Generic/GenericHMD.uasset" 86
"../../../Engine/Content/Functions/Engine_MaterialFunctions01/Gradient/RadialGradient.uasset" 87
"../../../Engine/Content/EditorLandscapeResources/FlattenHeightMat.uasset" 88
"../../../Engine/Content/VREditor/WorldMovementGrid/PlaneMesh.uasset" 89
"../../../Engine/Content/VREditor/WorldMovementGrid/SimpleGrid.uasset" 90
"../../../Engine/Content/VREditor/WorldMovementGrid/GridMaterial.uasset" 91
"../../../Engine/Content/VREditor/LaserPointer/LaserPointerMaterial.uasset" 92
"../../../Engine/Content/VREditor/LaserPointer/LaserPointerMaterialInst.uasset" 93
"../../../Engine/Content/VREditor/LaserPointer/TranslucentLaserPointerMaterialInst.uasset" 94
"../../../Engine/Content/VREditor/LaserPointer/LaserPointerMesh.uasset" 95
"../../../Engine/Content/Functions/Engine_MaterialFunctions01/Density/ExponentialDensity.uasset" 96
"../../../Engine/Content/VREditor/WorldMovementGrid/GridPostProcess.uasset" 97
"../../../Engine/Content/VREditor/Sounds/VR_teleport_Cue.uasset" 98
"../../../Engine/Content/VREditor/Sounds/VR_grab_Cue.uasset" 99
"../../../Engine/Content/Tutorial/ContentIntroCurve.uasset" 100
"../../../Engine/Plugins/2D/Paper2D/Content/PlaceholderTextures/DummySpriteTexture.uasset" 101
"../../../Engine/Plugins/2D/Paper2D/Content/DefaultSpriteMaterial.uasset" 102
"../../../Engine/Plugins/2D/Paper2D/Content/MaskedUnlitSpriteMaterial.uasset" 103
"../../../Engine/Plugins/2D/Paper2D/Content/OpaqueUnlitSpriteMaterial.uasset" 104
"../../../Engine/Plugins/2D/Paper2D/Content/DummySprite.uasset" 105
"../../../Engine/Plugins/2D/Paper2D/Content/DefaultPaperTerrainMaterial.uasset" 106
"../../../Engine/Content/EngineMaterials/RemoveSurfaceMaterial.uasset" 107
"../../../Engine/Content/EngineDebugMaterials/DebugMeshMaterial.uasset" 108
"../../../Engine/Content/EngineMaterials/InvalidLightmapSettings.uasset" 109
"../../../Engine/Content/EngineMaterials/M_InvalidLightmapSettings.uasset" 110
"../../../Engine/Content/EditorMaterials/GizmoMaterial.uasset" 111
"../../../Engine/Content/EngineMaterials/PhAT_JointLimitMaterial.uasset" 112
"../../../Engine/Content/EngineMaterials/Good64x64TilingNoiseHighFreq.uasset" 113
"../../../Engine/Content/EngineMaterials/DefaultBokeh.uasset" 114
"../../../Engine/Content/EngineMaterials/PreintegratedSkinBRDF.uasset" 115
"../../../Engine/Content/EngineMaterials/MiniFont.uasset" 116
"../../../Engine/Content/EngineMaterials/WeightMapPlaceholderTexture.uasset" 117
"../../../Engine/Content/EngineMaterials/DefaultWhiteGrid.uasset" 118
"../../../Engine/Content/EngineMaterials/DefaultPhysicalMaterial.uasset" 119
"../../../Engine/Content/EngineFonts/RobotoTiny.uasset" 120
"../../../Engine/Content/EditorSounds/Notifications/CompileSuccess.uasset" 121
"../../../Engine/Content/EditorSounds/Notifications/CompileStart_Cue.uasset" 122
"../../../Engine/Content/EditorSounds/Notifications/CompileSuccess_Cue.uasset" 123
"../../../Engine/Content/EditorSounds/Notifications/CompileFailed.uasset" 124
"../../../Engine/Content/EditorSounds/Notifications/CompileFailed_Cue.uasset" 125
"../../../Engine/Content/BasicShapes/Cylinder.uasset" 126
"../../../Engine/Content/BasicShapes/Cone.uasset" 127
"../../../Engine/Content/EditorResources/BSPVertex.uasset" 128
"../../../Engine/Content/EngineDebugMaterials/GeomMaterial.uasset" 129
"../../../Engine/Content/EngineDebugMaterials/HeatmapGradient.uasset" 130
"../../../Engine/Content/EngineDebugMaterials/BoneWeightMaterial.uasset" 131
"../../../Engine/Content/EditorMaterials/PreviewShadowIndicator.uasset" 132
"../../../Engine/Content/EditorMaterials/PreviewShadowIndicatorMaterial.uasset" 133
"../../../Engine/Content/EngineMaterials/EditorBrushMaterial.uasset" 134
"../../../Engine/Content/EditorMeshes/ColorCalibrator/M_ChromeBall.uasset" 135
"../../../Engine/Content/EditorMeshes/ColorCalibrator/M_ClearCoat.uasset" 136
"../../../Engine/Content/EditorMeshes/ColorCalibrator/M_ClearCoatBlack.uasset" 137
"../../../Engine/Content/EditorMeshes/ColorCalibrator/T_ColorGrid.uasset" 138
"../../../Engine/Content/EditorMeshes/ColorCalibrator/M_ColorGrid.uasset" 139
"../../../Engine/Content/EditorMeshes/ColorCalibrator/M_GreyBall.uasset" 140
"../../../Engine/Content/EditorMeshes/ColorCalibrator/SM_ColorCalibrator.uasset" 141
"../../../Engine/Content/MobileResources/HUD/VirtualJoystick_Background.uasset" 142
"../../../Engine/Content/MobileResources/HUD/VirtualJoystick_Thumb.uasset" 143
"../../../Engine/Content/MobileResources/HUD/DefaultVirtualJoysticks.uasset" 144
"../../../Engine/Content/Tutorial/BlueprintTutorials/TutorialAssets/Blueprint_64x.uasset" 145
"../../../Engine/Content/Tutorial/SubEditors/TutorialAssets/icon_Editor_Preferences_General_40x.uasset" 146
"../../../Engine/Content/Tutorial/Paper2D/TutorialAssets/Paper2DSprite_TutorialIcon.uasset" 147
"../../../Engine/Content/Tutorial/SubEditors/TutorialAssets/icon_ShowSkeletalMeshes_40x.uasset" 148
"../../../Engine/Content/Tutorial/Landscape/TutorialAssets/Landscape.uasset" 149
"../../../Engine/Content/Tutorial/Foliage/TutorialAssets/Foliage.uasset" 150
"../../../Engine/Content/Tutorial/Basics/TutorialAssets/icon_tab_Levels_40x.uasset" 151
"../../../Engine/Content/Tutorial/BlueprintTutorials/TutorialAssets/BlueprintMacroLibrary_64x.uasset" 152
"../../../Engine/Content/Tutorial/BlueprintTutorials/TutorialAssets/BlueprintInterface_64x.uasset" 153
"../../../Engine/Content/Tutorial/Paper2D/TutorialAssets/Paper2DFlipbook_TutorialIcon.uasset" 154
"../../../Engine/Content/MobileResources/HUD/T_Castle_ThumbstickInner.uasset" 155
"../../../Engine/Content/EditorResources/EmptyActor.uasset" 156
"../../../Engine/Content/MobileResources/HUD/MobileHUDDirectionPad3.uasset" 157
"../../../Engine/Content/MobileResources/HUD/MobileHUDDirectionPad.uasset" 158
"../../../Engine/Content/EngineMeshes/Cube.uasset" 159
"../../../Engine/Content/Tutorial/BlueprintTutorials/TutorialAssets/Tutorial_BP_Interface.uasset" 160
"../../../Engine/Content/EngineMaterials/WorldGridMaterial.uasset" 161
"../../../Engine/Content/EditorMeshes/EditorCube.uasset" 162
"../../../Engine/Content/Tutorial/SubEditors/TutorialAssets/Tutorial_DM.uasset" 163
"../../../Engine/Content/Tutorial/SubEditors/TutorialAssets/TutorialMaterial.uasset" 164
"../../../Engine/Content/Tutorial/SubEditors/TutorialAssets/T_SmokeSubUV_8X8.uasset" 165
"../../../Engine/Content/Tutorial/SubEditors/TutorialAssets/T_soft_smoke.uasset" 166
"../../../Engine/Content/Tutorial/SubEditors/TutorialAssets/M_smoke_subUV_blackbody.uasset" 167
"../../../Engine/Content/Tutorial/SubEditors/TutorialAssets/TutorialParticleSystem.uasset" 168
"../../../Engine/Content/MobileResources/HUD/MobileHUDButton2_on.uasset" 169
"../../../Engine/Content/MobileResources/HUD/MobileHUDButton2_off.uasset" 170
"../../../Engine/Content/MobileResources/HUD/MobileHUDButton1_on.uasset" 171
"../../../Engine/Content/MobileResources/HUD/MobileHUDButton1_off.uasset" 172
"../../../Engine/Content/MobileResources/HUD/LeftVirtualJoystickOnly.uasset" 173
"../../../Engine/Content/MobileResources/HUD/AnalogHat.uasset" 174
"../../../Engine/Content/MobileResources/T_MobileMenu2.uasset" 175
"../../../Engine/Content/MobileResources/T_MobileControls_texture.uasset" 176
"../../../Sphinx_UE4_Demo/Content/StarterContent/Textures/T_Tech_Panel_N.uasset" 177
"../../../Sphinx_UE4_Demo/Content/StarterContent/Textures/T_Tech_Panel_M.uasset" 178
"../../../Sphinx_UE4_Demo/Content/StarterContent/Shapes/Shape_WideCapsule.uasset" 179
"../../../Sphinx_UE4_Demo/Content/StarterContent/Shapes/Shape_Wedge_B.uasset" 180
"../../../Sphinx_UE4_Demo/Content/StarterContent/Shapes/Shape_Wedge_A.uasset" 181
"../../../Sphinx_UE4_Demo/Content/StarterContent/Shapes/Shape_Tube.uasset" 182
"../../../Sphinx_UE4_Demo/Content/StarterContent/Shapes/Shape_TriPyramid.uasset" 183
"../../../Sphinx_UE4_Demo/Content/StarterContent/Shapes/Shape_Trim_90_Out.uasset" 184
"../../../Sphinx_UE4_Demo/Content/StarterContent/Shapes/Shape_Trim_90_In.uasset" 185
"../../../Sphinx_UE4_Demo/Content/StarterContent/Shapes/Shape_Trim.uasset" 186
"../../../Sphinx_UE4_Demo/Content/StarterContent/Shapes/Shape_Torus.uasset" 187
"../../../Sphinx_UE4_Demo/Content/StarterContent/Shapes/Shape_Sphere.uasset" 188
"../../../Sphinx_UE4_Demo/Content/StarterContent/Shapes/Shape_QuadPyramid.uasset" 189
"../../../Sphinx_UE4_Demo/Content/StarterContent/Shapes/Shape_Plane.uasset" 190
"../../../Sphinx_UE4_Demo/Content/StarterContent/Shapes/Shape_Pipe_90.uasset" 191
"../../../Sphinx_UE4_Demo/Content/StarterContent/Shapes/Shape_Pipe_180.uasset" 192
"../../../Sphinx_UE4_Demo/Content/StarterContent/Shapes/Shape_Pipe.uasset" 193
"../../../Sphinx_UE4_Demo/Content/StarterContent/Shapes/Shape_NarrowCapsule.uasset" 194
"../../../Sphinx_UE4_Demo/Content/StarterContent/Shapes/Shape_Cylinder.uasset" 195
"../../../Sphinx_UE4_Demo/Content/StarterContent/Shapes/Shape_Cube.uasset" 196
"../../../Sphinx_UE4_Demo/Content/StarterContent/Shapes/Shape_Cone.uasset" 197
"../../../Sphinx_UE4_Demo/Content/StarterContent/Props/Materials/M_Frame.uasset" 198
"../../../Sphinx_UE4_Demo/Content/StarterContent/Props/SM_WindowFrame.uasset" 199
"../../../Sphinx_UE4_Demo/Content/StarterContent/Props/Materials/M_TableRound.uasset" 200
"../../../Sphinx_UE4_Demo/Content/StarterContent/Props/SM_TableRound.uasset" 201
"../../../Sphinx_UE4_Demo/Content/StarterContent/Props/SM_Stairs.uasset" 202
"../../../Sphinx_UE4_Demo/Content/StarterContent/Props/Materials/M_Shelf.uasset" 203
"../../../Sphinx_UE4_Demo/Content/StarterContent/Props/SM_Shelf.uasset" 204
"../../../Engine/Content/Functions/Engine_MaterialFunctions02/Utility/BlendAngleCorrectedNormals.uasset" 205
"../../../Sphinx_UE4_Demo/Content/StarterContent/Textures/T_Detail_Rocky_N.uasset" 206
"../../../Sphinx_UE4_Demo/Content/StarterContent/Props/Materials/M_Rock.uasset" 207
"../../../Sphinx_UE4_Demo/Content/StarterContent/Props/SM_Rock.uasset" 208
"../../../Sphinx_UE4_Demo/Content/StarterContent/Props/SM_PillarFrame300.uasset" 209
"../../../Sphinx_UE4_Demo/Content/StarterContent/Props/SM_PillarFrame.uasset" 210
"../../../Sphinx_UE4_Demo/Content/StarterContent/Props/Materials/M_MaterialSphere.uasset" 211
"../../../Sphinx_UE4_Demo/Content/StarterContent/Props/Materials/M_MaterialSphere_Plain.uasset" 212
"../../../Sphinx_UE4_Demo/Content/StarterContent/Props/SM_MatPreviewMesh_02.uasset" 213
"../../../Sphinx_UE4_Demo/Content/StarterContent/Props/Materials/M_Lamp.uasset" 214
"../../../Sphinx_UE4_Demo/Content/StarterContent/Props/SM_Lamp_Wall.uasset" 215
"../../../Sphinx_UE4_Demo/Content/StarterContent/Props/SM_Lamp_Ceiling.uasset" 216
"../../../Sphinx_UE4_Demo/Content/StarterContent/Props/SM_GlassWindow.uasset" 217
"../../../Sphinx_UE4_Demo/Content/StarterContent/Props/SM_DoorFrame.uasset" 218
"../../../Sphinx_UE4_Demo/Content/StarterContent/Props/Materials/M_Door.uasset" 219
"../../../Sphinx_UE4_Demo/Content/StarterContent/Props/SM_Door.uasset" 220
"../../../Sphinx_UE4_Demo/Content/StarterContent/Props/Materials/M_Chair.uasset" 221
"../../../Sphinx_UE4_Demo/Content/StarterContent/Props/SM_Couch.uasset" 222
"../../../Sphinx_UE4_Demo/Content/StarterContent/Props/SM_CornerFrame.uasset" 223
"../../../Sphinx_UE4_Demo/Content/StarterContent/Props/SM_Chair.uasset" 224
"../../../Sphinx_UE4_Demo/Content/StarterContent/Props/Materials/M_Bush.uasset" 225
"../../../Sphinx_UE4_Demo/Content/StarterContent/Props/SM_Bush.uasset" 226
"../../../Sphinx_UE4_Demo/Content/StarterContent/Props/MaterialSphere.uasset" 227
"../../../Sphinx_UE4_Demo/Content/StarterContent/Particles/Materials/M_smoke_subUV.uasset" 228
"../../../Sphinx_UE4_Demo/Content/StarterContent/Particles/P_Steam_Lit.uasset" 229
"../../../Sphinx_UE4_Demo/Content/StarterContent/Particles/Materials/M_Radial_Gradient.uasset" 230
"../../../Sphinx_UE4_Demo/Content/StarterContent/Particles/Materials/M_Spark.uasset" 231
"../../../Sphinx_UE4_Demo/Content/StarterContent/Particles/P_Sparks.uasset" 232
"../../../Sphinx_UE4_Demo/Content/StarterContent/Particles/P_Smoke.uasset" 233
"../../../Sphinx_UE4_Demo/Content/StarterContent/Particles/Materials/M_Fire_SubUV.uasset" 234
"../../../Sphinx_UE4_Demo/Content/StarterContent/Particles/Materials/M_Heat_Distortion.uasset" 235
"../../../Sphinx_UE4_Demo/Content/StarterContent/Particles/P_Fire.uasset" 236
"../../../Sphinx_UE4_Demo/Content/StarterContent/Particles/Materials/M_Burst.uasset" 237
"../../../Sphinx_UE4_Demo/Content/StarterContent/Particles/Materials/M_explosion_subUV.uasset" 238
"../../../Sphinx_UE4_Demo/Content/StarterContent/Particles/Materials/m_flare_01.uasset" 239
"../../../Sphinx_UE4_Demo/Content/StarterContent/Particles/Materials/M_radial_ramp.uasset" 240
"../../../Sphinx_UE4_Demo/Content/StarterContent/Particles/P_Explosion.uasset" 241
"../../../Sphinx_UE4_Demo/Content/StarterContent/Particles/Materials/M_Dust_Particle.uasset" 242
"../../../Sphinx_UE4_Demo/Content/StarterContent/Particles/P_Ambient_Dust.uasset" 243
"../../../Sphinx_UE4_Demo/Content/StarterContent/Textures/T_Tech_Hex_Tile_M.uasset" 244
"../../../Sphinx_UE4_Demo/Content/StarterContent/Textures/T_Tech_Hex_Tile_N.uasset" 245
"../../../Sphinx_UE4_Demo/Content/StarterContent/Materials/M_Tech_Hex_Tile.uasset" 246
"../../../Sphinx_UE4_Demo/Content/StarterContent/Textures/T_Brick_Hewn_Stone_D.uasset" 247
"../../../Sphinx_UE4_Demo/Content/StarterContent/Textures/T_Brick_Hewn_Stone_M.uasset" 248
"../../../Sphinx_UE4_Demo/Content/StarterContent/Textures/T_Brick_Hewn_Stone_N.uasset" 249
"../../../Sphinx_UE4_Demo/Content/StarterContent/Textures/T_MacroVariation.uasset" 250
"../../../Sphinx_UE4_Demo/Content/StarterContent/Materials/M_Brick_Hewn_Stone.uasset" 251
"../../../Sphinx_UE4_Demo/Content/StarterContent/Architecture/Wall_Window_400x400.uasset" 252
"../../../Sphinx_UE4_Demo/Content/StarterContent/Architecture/Wall_Window_400x300.uasset" 253
"../../../Sphinx_UE4_Demo/Content/StarterContent/Architecture/Wall_Door_400x400.uasset" 254
"../../../Sphinx_UE4_Demo/Content/StarterContent/Architecture/Wall_Door_400x300.uasset" 255
"../../../Sphinx_UE4_Demo/Content/StarterContent/Architecture/Wall_500x500.uasset" 256
"../../../Sphinx_UE4_Demo/Content/StarterContent/Architecture/Wall_400x400.uasset" 257
"../../../Sphinx_UE4_Demo/Content/StarterContent/Architecture/Wall_400x300.uasset" 258
"../../../Sphinx_UE4_Demo/Content/StarterContent/Architecture/Wall_400x200.uasset" 259
"../../../Sphinx_UE4_Demo/Content/StarterContent/Architecture/SM_AssetPlatform.uasset" 260
"../../../Sphinx_UE4_Demo/Content/StarterContent/Architecture/Pillar_50x500.uasset" 261
"../../../Sphinx_UE4_Demo/Content/StarterContent/Architecture/Floor_400x400.uasset" 262
"../../../Sphinx_UE4_Demo/Content/Mannequin/Character/Mesh/UE4_Mannequin_Skeleton.uasset" 263
"../../../Sphinx_UE4_Demo/Content/Mannequin/Animations/ThirdPersonJump_End.uasset" 264
"../../../Sphinx_UE4_Demo/Content/Mannequin/Animations/ThirdPerson_Jump.uasset" 265
"../../../Sphinx_UE4_Demo/Content/Mannequin/Animations/ThirdPersonJump_Loop.uasset" 266
"../../../Sphinx_UE4_Demo/Content/Mannequin/Animations/ThirdPersonJump_Start.uasset" 267
"../../../Sphinx_UE4_Demo/Content/Mannequin/Animations/ThirdPersonIdle.uasset" 268
"../../../Sphinx_UE4_Demo/Content/Mannequin/Animations/ThirdPersonRun.uasset" 269
"../../../Sphinx_UE4_Demo/Content/Mannequin/Animations/ThirdPersonWalk.uasset" 270
"../../../Sphinx_UE4_Demo/Content/Mannequin/Animations/ThirdPerson_IdleRun_2D.uasset" 271
"../../../Engine/Content/EditorBlueprintResources/StandardMacros.uasset" 272
"../../../Sphinx_UE4_Demo/Content/Mannequin/Animations/ThirdPerson_AnimBP.uasset" 273
"../../../Sphinx_UE4_Demo/Content/Mannequin/Character/Materials/MaterialLayers/T_ML_Aluminum01_N.uasset" 274
"../../../Sphinx_UE4_Demo/Content/StarterContent/Materials/Colours/Blue_Mat.uasset" 275
"../../../Sphinx_UE4_Demo/Content/StarterContent/Materials/Colours/Red_Mat.uasset" 276
"../../../Sphinx_UE4_Demo/Content/StarterContent/Materials/M_Tech_Hex_Tile_Pulse.uasset" 277
"../../../Engine/Content/BasicShapes/Sphere.uasset" 278
"../../../Sphinx_UE4_Demo/Content/Blueprints/Ball/Soccerball_bp.uasset" 279
"../../../Engine/Content/Functions/MaterialLayerFunctions/MatLayerBlend_NormalBlend.uasset" 280
"../../../Engine/Content/Functions/MaterialLayerFunctions/MatLayerBlend_Simple.uasset" 281
"../../../Sphinx_UE4_Demo/Content/Mannequin/Character/Materials/MaterialLayers/T_ML_Rubber_Blue_01_D.uasset" 282
"../../../Sphinx_UE4_Demo/Content/Mannequin/Character/Materials/MaterialLayers/T_ML_Rubber_Blue_01_N.uasset" 283
"../../../Sphinx_UE4_Demo/Content/Mannequin/Character/Materials/MaterialLayers/ML_GlossyBlack_Latex_UE4.uasset" 284
"../../../Sphinx_UE4_Demo/Content/Mannequin/Character/Materials/MaterialLayers/ML_Plastic_Shiny_Beige.uasset" 285
"../../../Sphinx_UE4_Demo/Content/Mannequin/Character/Textures/UE4_LOGO_CARD.uasset" 286
"../../../Sphinx_UE4_Demo/Content/Mannequin/Character/Materials/MaterialLayers/ML_Plastic_Shiny_Beige_LOGO.uasset" 287
"../../../Sphinx_UE4_Demo/Content/Mannequin/Character/Materials/MaterialLayers/T_ML_Aluminum01.uasset" 288
"../../../Sphinx_UE4_Demo/Content/Mannequin/Character/Materials/MaterialLayers/ML_SoftMetal_UE4.uasset" 289
"../../../Sphinx_UE4_Demo/Content/Mannequin/Character/Textures/UE4_Mannequin__normals.uasset" 290
"../../../Sphinx_UE4_Demo/Content/Mannequin/Character/Textures/UE4_Mannequin_MAT_MASKA.uasset" 291
"../../../Sphinx_UE4_Demo/Content/Mannequin/Character/Materials/M_UE4Man_Body.uasset" 292
"../../../Sphinx_UE4_Demo/Content/Mannequin/Character/Textures/UE4Man_Logo_N.uasset" 293
"../../../Sphinx_UE4_Demo/Content/Mannequin/Character/Materials/M_UE4Man_ChestLogo.uasset" 294
"../../../Sphinx_UE4_Demo/Content/Mannequin/Character/Mesh/SK_Mannequin_PhysicsAsset.uasset" 295
"../../../Sphinx_UE4_Demo/Content/Mannequin/Character/Mesh/SK_Mannequin.uasset" 296
"../../../Sphinx_UE4_Demo/Content/Blueprints/Character/Soccer_Character_bp.uasset" 297
"../../../Sphinx_UE4_Demo/Content/Blueprints/GameMode/InGameGameMode.uasset" 298
"../../../Sphinx_UE4_Demo/Content/Blueprints/Character/Language_Model_bp.uasset" 299
"../../../Engine/Content/MobileResources/HUD/MobileHUDDirectionStick.uasset" 300
"../../../Engine/Content/MobileResources/HUD/T_Castle_ThumbstickOutter.uasset" 301
"../../../Engine/Content/MobileResources/HUD/MobileHUDDirectionPad2.uasset" 302
"../../../Engine/Content/MobileResources/HUD/MobileHUDButtonFire.uasset" 303
"../../../Engine/Content/MobileResources/HUD/MobileHUDButton3.uasset" 304
"../../../Engine/Content/EngineMaterials/DefaultNormal.uasset" 305
"../../../Engine/Content/Maps/Entry.umap" 306
"../../../Sphinx_UE4_Demo/Content/Blueprints/Character/Experimental/Volume_Test_bp.uasset" 307
"../../../Engine/Content/EngineSky/C_Sky_Cloud_Color.uasset" 308
"../../../Engine/Content/EngineSky/C_Sky_Horizon_Color.uasset" 309
"../../../Engine/Content/EngineSky/C_Sky_Zenith_Color.uasset" 310
"../../../Engine/Content/EngineSky/T_Sky_Blue.uasset" 311
"../../../Engine/Content/EngineSky/T_Sky_Clouds_M.uasset" 312
"../../../Engine/Content/EngineSky/T_Sky_Stars.uasset" 313
"../../../Engine/Content/EngineSky/M_Sky_Panning_Clouds2.uasset" 314
"../../../Engine/Content/EngineSky/SM_SkySphere.uasset" 315
"../../../Engine/Content/EngineSky/BP_Sky_Sphere.uasset" 316
"../../../Sphinx_UE4_Demo/Content/StarterContent/Textures/T_Brick_Clay_New_D.uasset" 317
"../../../Sphinx_UE4_Demo/Content/StarterContent/Textures/T_Brick_Clay_New_M.uasset" 318
"../../../Sphinx_UE4_Demo/Content/StarterContent/Textures/T_Brick_Clay_New_N.uasset" 319
"../../../Sphinx_UE4_Demo/Content/StarterContent/Materials/M_Brick_Clay_New.uasset" 320
"../../../Engine/Content/MapTemplates/SM_Template_Map_Floor.uasset" 321
"../../../Sphinx_UE4_Demo/Content/Maps/Experimental/Volume_Test.umap" 322
"../../../Sphinx_UE4_Demo/Content/Blueprints/Character/Keyword_Character_bp.uasset" 323
"../../../Sphinx_UE4_Demo/Content/Blueprints/GameMode/LanguageGameMode.uasset" 324
"../../../Sphinx_UE4_Demo/Content/StarterContent/Materials/Colours/Black_Mat.uasset" 325
"../../../Sphinx_UE4_Demo/Content/Maps/Examples/LanguageTest.umap" 326
"../../../Sphinx_UE4_Demo/Content/StarterContent/Materials/Glass_Mat.uasset" 327
"../../../Engine/Content/BasicShapes/Cube.uasset" 328
"../../../Sphinx_UE4_Demo/Content/Blueprints/Scoreboard/EOperation.uasset" 329
"../../../Sphinx_UE4_Demo/Content/Blueprints/Scoreboard/NumberOperations.uasset" 330
"../../../Sphinx_UE4_Demo/Content/Blueprints/Character/Grammar_Character_bp.uasset" 331
"../../../Sphinx_UE4_Demo/Content/Maps/Examples/GrammarTest.umap" 332
"../../../Sphinx_UE4_Demo/Content/Blueprints/Goals/Blue_Goal_Blueprint.uasset" 333
"../../../Sphinx_UE4_Demo/Content/Blueprints/Goals/Red_Goal_Blueprint.uasset" 334
"../../../Sphinx_UE4_Demo/Content/Blueprints/Scoreboard/Scoreboard.uasset" 335
"../../../Sphinx_UE4_Demo/Content/Maps/Examples/GameExample.umap" 336
