Log file open, 06/30/22 14:29:56
LogWindows: Failed to load 'aqProf.dll' (GetLastError=126)
LogWindows: File 'aqProf.dll' does not exist
LogWindows: Failed to load 'VSPerf140.dll' (GetLastError=126)
LogWindows: File 'VSPerf140.dll' does not exist
LogWindows: Failed to load 'VtuneApi.dll' (GetLastError=126)
LogWindows: File 'VtuneApi.dll' does not exist
LogWindows: Failed to load 'VtuneApi32e.dll' (GetLastError=126)
LogWindows: File 'VtuneApi32e.dll' does not exist
LogInit: Display: Running engine for game: Sphinx_UE4_Demo
LogPlatformFile: Not using cached read wrapper
LogInit: Display: RandInit(662081879) SRandInit(662081879).
LogInit: Read version file with build ID '3709383'
LogInit: Overriding engine version to CL 3832480, compatible CL 3709383
LogInit: Registered custom module enumerator with build ID '3709383'
LogTaskGraph: Started task graph with 5 named threads and 20 total threads with 3 sets of task threads.
LogStats: Stats thread started at 0.543770
LogD3D11RHI: Aftermath initialized
LogPluginManager: Warning: Engine version string in ../../../../../Unreal/PLE_Project/Plugins/SpeechRecognition/SpeechRecognition.uplugin could not be parsed ("4.18")
LogPluginManager: Mounting plugin Paper2D
LogPluginManager: Mounting plugin LightPropagationVolume
LogPluginManager: Mounting plugin CodeLiteSourceCodeAccess
LogPluginManager: Mounting plugin GitSourceControl
LogPluginManager: Mounting plugin KDevelopSourceCodeAccess
LogPluginManager: Mounting plugin NullSourceCodeAccess
LogPluginManager: Mounting plugin PerforceSourceControl
LogPluginManager: Mounting plugin SubversionSourceControl
LogPluginManager: Mounting plugin UObjectPlugin
LogPluginManager: Mounting plugin VisualStudioCodeSourceCodeAccess
LogPluginManager: Mounting plugin VisualStudioSourceCodeAccess
LogPluginManager: Mounting plugin XCodeSourceCodeAccess
LogPluginManager: Mounting plugin AssetManagerEditor
LogPluginManager: Mounting plugin AudioCapture
LogPluginManager: Mounting plugin FacialAnimation
LogPluginManager: Mounting plugin GameplayTagsEditor
LogPluginManager: Mounting plugin MobileLauncherProfileWizard
LogPluginManager: Mounting plugin PluginBrowser
LogPluginManager: Mounting plugin SpeedTreeImporter
LogPluginManager: Mounting plugin AlembicImporter
LogPluginManager: Mounting plugin CharacterAI
LogPluginManager: Mounting plugin HTML5Networking
LogPluginManager: Mounting plugin AndroidMedia
LogPluginManager: Mounting plugin AvfMedia
LogPluginManager: Mounting plugin ImgMedia
LogPluginManager: Mounting plugin MediaCompositing
LogPluginManager: Mounting plugin MediaPlayerEditor
LogPluginManager: Mounting plugin WmfMedia
LogPluginManager: Mounting plugin TcpMessaging
LogPluginManager: Mounting plugin UdpMessaging
LogPluginManager: Mounting plugin ActorSequence
LogPluginManager: Mounting plugin LevelSequenceEditor
LogPluginManager: Mounting plugin MatineeToLevelSequence
LogPluginManager: Mounting plugin OnlineSubsystemGooglePlay
LogPluginManager: Mounting plugin OnlineSubsystemIOS
LogPluginManager: Mounting plugin OnlineSubsystem
LogPluginManager: Mounting plugin OnlineSubsystemNull
LogPluginManager: Mounting plugin OnlineSubsystemUtils
LogPluginManager: Mounting plugin AndroidDeviceProfileSelector
LogPluginManager: Mounting plugin AndroidMoviePlayer
LogPluginManager: Mounting plugin AndroidPermission
LogPluginManager: Mounting plugin AppleARKit
LogPluginManager: Mounting plugin AppleMoviePlayer
LogPluginManager: Mounting plugin ArchVisCharacter
LogPluginManager: Mounting plugin CableComponent
LogPluginManager: Mounting plugin CustomMeshComponent
LogPluginManager: Mounting plugin ExampleDeviceProfileSelector
LogPluginManager: Mounting plugin GoogleCloudMessaging
LogPluginManager: Mounting plugin ImmediatePhysics
LogPluginManager: Mounting plugin IOSDeviceProfileSelector
LogPluginManager: Mounting plugin LinuxDeviceProfileSelector
LogPluginManager: Mounting plugin LocationServicesBPLibrary
LogPluginManager: Mounting plugin MobilePatchingUtils
LogPluginManager: Mounting plugin OculusVR
LogPluginManager: Plugin shader directory ../../../Engine/Plugins/Runtime/Oculus/OculusVR/Shaders found
LogPluginManager: Mapping shader source directory ../../../Engine/Plugins/Runtime/Oculus/OculusVR/Shaders to virtual directory /Plugin/OculusVR
LogPluginManager: Mounting plugin PhysXVehicles
LogPluginManager: Mounting plugin ProceduralMeshComponent
LogPluginManager: Mounting plugin RuntimePhysXCooking
LogPluginManager: Mounting plugin SteamVR
LogPluginManager: Mounting plugin WindowsMoviePlayer
LogPluginManager: Mounting plugin SpeechRecognition
LogModuleManager: Display: Found up-to-date module file ../../../../../Unreal/PLE_Project/Binaries/Win64/UE4Editor-Sphinx_UE4_Demo.dll (API version 3709383).
LogModuleManager: Display: Found up-to-date module file ../../../Engine/Plugins/2D/Paper2D/Binaries/Win64/UE4Editor-Paper2D.dll (API version 3709383).
LogModuleManager: Display: Found up-to-date module file ../../../Engine/Plugins/2D/Paper2D/Binaries/Win64/UE4Editor-Paper2DEditor.dll (API version 3709383).
LogModuleManager: Display: Found up-to-date module file ../../../Engine/Plugins/2D/Paper2D/Binaries/Win64/UE4Editor-PaperSpriteSheetImporter.dll (API version 3709383).
LogModuleManager: Display: Found up-to-date module file ../../../Engine/Plugins/2D/Paper2D/Binaries/Win64/UE4Editor-PaperTiledImporter.dll (API version 3709383).
LogModuleManager: Display: Found up-to-date module file ../../../Engine/Plugins/2D/Paper2D/Binaries/Win64/UE4Editor-SmartSnapping.dll (API version 3709383).
LogModuleManager: Display: Found up-to-date module file ../../../Engine/Plugins/Blendables/LightPropagationVolume/Binaries/Win64/UE4Editor-LightPropagationVolumeRuntime.dll (API version 3709383).
LogModuleManager: Display: Found up-to-date module file ../../../Engine/Plugins/Blendables/LightPropagationVolume/Binaries/Win64/UE4Editor-LightPropagationVolumeEditor.dll (API version 3709383).
LogModuleManager: Display: Found up-to-date module file ../../../Engine/Plugins/Developer/GitSourceControl/Binaries/Win64/UE4Editor-GitSourceControl.dll (API version 3709383).
LogModuleManager: Display: Found up-to-date module file ../../../Engine/Plugins/Developer/PerforceSourceControl/Binaries/Win64/UE4Editor-PerforceSourceControl.dll (API version 3709383).
LogModuleManager: Display: Found up-to-date module file ../../../Engine/Plugins/Developer/SubversionSourceControl/Binaries/Win64/UE4Editor-SubversionSourceControl.dll (API version 3709383).
LogModuleManager: Display: Found up-to-date module file ../../../Engine/Plugins/Developer/UObjectPlugin/Binaries/Win64/UE4Editor-UObjectPlugin.dll (API version 3709383).
LogModuleManager: Display: Found up-to-date module file ../../../Engine/Plugins/Developer/VisualStudioCodeSourceCodeAccess/Binaries/Win64/UE4Editor-VisualStudioCodeSourceCodeAccess.dll (API version 3709383).
LogModuleManager: Display: Found up-to-date module file ../../../Engine/Plugins/Developer/VisualStudioSourceCodeAccess/Binaries/Win64/UE4Editor-VisualStudioSourceCodeAccess.dll (API version 3709383).
LogModuleManager: Display: Found up-to-date module file ../../../Engine/Plugins/Editor/AssetManagerEditor/Binaries/Win64/UE4Editor-AssetManagerEditor.dll (API version 3709383).
LogModuleManager: Display: Found up-to-date module file ../../../Engine/Plugins/Editor/AudioCapture/Binaries/Win64/UE4Editor-AudioCapture.dll (API version 3709383).
LogModuleManager: Display: Found up-to-date module file ../../../Engine/Plugins/Editor/FacialAnimation/Binaries/Win64/UE4Editor-FacialAnimation.dll (API version 3709383).
LogModuleManager: Display: Found up-to-date module file ../../../Engine/Plugins/Editor/FacialAnimation/Binaries/Win64/UE4Editor-FacialAnimationEditor.dll (API version 3709383).
LogModuleManager: Display: Found up-to-date module file ../../../Engine/Plugins/Editor/GameplayTagsEditor/Binaries/Win64/UE4Editor-GameplayTagsEditor.dll (API version 3709383).
LogModuleManager: Display: Found up-to-date module file ../../../Engine/Plugins/Editor/MobileLauncherProfileWizard/Binaries/Win64/UE4Editor-MobileLauncherProfileWizard.dll (API version 3709383).
LogModuleManager: Display: Found up-to-date module file ../../../Engine/Plugins/Editor/PluginBrowser/Binaries/Win64/UE4Editor-PluginBrowser.dll (API version 3709383).
LogModuleManager: Display: Found up-to-date module file ../../../Engine/Plugins/Editor/SpeedTreeImporter/Binaries/Win64/UE4Editor-SpeedTreeImporter.dll (API version 3709383).
LogModuleManager: Display: Found up-to-date module file ../../../Engine/Plugins/Experimental/AlembicImporter/Binaries/Win64/UE4Editor-AlembicImporter.dll (API version 3709383).
LogModuleManager: Display: Found up-to-date module file ../../../Engine/Plugins/Experimental/AlembicImporter/Binaries/Win64/UE4Editor-AlembicLibrary.dll (API version 3709383).
LogModuleManager: Display: Found up-to-date module file ../../../Engine/Plugins/Experimental/CharacterAI/Binaries/Win64/UE4Editor-CharacterAI.dll (API version 3709383).
LogModuleManager: Display: Found up-to-date module file ../../../Engine/Plugins/Experimental/HTML5Networking/Binaries/Win64/UE4Editor-HTML5Networking.dll (API version 3709383).
LogModuleManager: Display: Found up-to-date module file ../../../Engine/Plugins/Media/AndroidMedia/Binaries/Win64/UE4Editor-AndroidMediaEditor.dll (API version 3709383).
LogModuleManager: Display: Found up-to-date module file ../../../Engine/Plugins/Media/AndroidMedia/Binaries/Win64/UE4Editor-AndroidMediaFactory.dll (API version 3709383).
LogModuleManager: Display: Found up-to-date module file ../../../Engine/Plugins/Media/AvfMedia/Binaries/Win64/UE4Editor-AvfMediaEditor.dll (API version 3709383).
LogModuleManager: Display: Found up-to-date module file ../../../Engine/Plugins/Media/AvfMedia/Binaries/Win64/UE4Editor-AvfMediaFactory.dll (API version 3709383).
LogModuleManager: Display: Found up-to-date module file ../../../Engine/Plugins/Media/AvfMedia/Binaries/Win64/UE4Editor-AvfMediaFactory.dll (API version 3709383).
LogModuleManager: Display: Found up-to-date module file ../../../Engine/Plugins/Media/ImgMedia/Binaries/Win64/UE4Editor-ImgMedia.dll (API version 3709383).
LogModuleManager: Display: Found up-to-date module file ../../../Engine/Plugins/Media/ImgMedia/Binaries/Win64/UE4Editor-ImgMediaEditor.dll (API version 3709383).
LogModuleManager: Display: Found up-to-date module file ../../../Engine/Plugins/Media/ImgMedia/Binaries/Win64/UE4Editor-ImgMediaFactory.dll (API version 3709383).
LogModuleManager: Display: Found up-to-date module file ../../../Engine/Plugins/Media/ImgMedia/Binaries/Win64/UE4Editor-ImgMediaFactory.dll (API version 3709383).
LogModuleManager: Display: Found up-to-date module file ../../../Engine/Plugins/Media/ImgMedia/Binaries/Win64/UE4Editor-OpenExrWrapper.dll (API version 3709383).
LogModuleManager: Display: Found up-to-date module file ../../../Engine/Plugins/Media/MediaCompositing/Binaries/Win64/UE4Editor-MediaCompositing.dll (API version 3709383).
LogModuleManager: Display: Found up-to-date module file ../../../Engine/Plugins/Media/MediaCompositing/Binaries/Win64/UE4Editor-MediaCompositingEditor.dll (API version 3709383).
LogModuleManager: Display: Found up-to-date module file ../../../Engine/Plugins/Media/MediaPlayerEditor/Binaries/Win64/UE4Editor-MediaPlayerEditor.dll (API version 3709383).
LogModuleManager: Display: Found up-to-date module file ../../../Engine/Plugins/Media/WmfMedia/Binaries/Win64/UE4Editor-WmfMedia.dll (API version 3709383).
LogModuleManager: Display: Found up-to-date module file ../../../Engine/Plugins/Media/WmfMedia/Binaries/Win64/UE4Editor-WmfMediaEditor.dll (API version 3709383).
LogModuleManager: Display: Found up-to-date module file ../../../Engine/Plugins/Media/WmfMedia/Binaries/Win64/UE4Editor-WmfMediaFactory.dll (API version 3709383).
LogModuleManager: Display: Found up-to-date module file ../../../Engine/Plugins/Media/WmfMedia/Binaries/Win64/UE4Editor-WmfMediaFactory.dll (API version 3709383).
LogModuleManager: Display: Found up-to-date module file ../../../Engine/Plugins/Messaging/TcpMessaging/Binaries/Win64/UE4Editor-TcpMessaging.dll (API version 3709383).
LogModuleManager: Display: Found up-to-date module file ../../../Engine/Plugins/Messaging/UdpMessaging/Binaries/Win64/UE4Editor-UdpMessaging.dll (API version 3709383).
LogModuleManager: Display: Found up-to-date module file ../../../Engine/Plugins/MovieScene/ActorSequence/Binaries/Win64/UE4Editor-ActorSequence.dll (API version 3709383).
LogModuleManager: Display: Found up-to-date module file ../../../Engine/Plugins/MovieScene/LevelSequenceEditor/Binaries/Win64/UE4Editor-LevelSequenceEditor.dll (API version 3709383).
LogModuleManager: Display: Found up-to-date module file ../../../Engine/Plugins/MovieScene/MatineeToLevelSequence/Binaries/Win64/UE4Editor-MatineeToLevelSequence.dll (API version 3709383).
LogModuleManager: Display: Found up-to-date module file ../../../Engine/Plugins/Online/OnlineSubsystem/Binaries/Win64/UE4Editor-OnlineSubsystem.dll (API version 3709383).
LogModuleManager: Display: Found up-to-date module file ../../../Engine/Plugins/Online/OnlineSubsystemNull/Binaries/Win64/UE4Editor-OnlineSubsystemNull.dll (API version 3709383).
LogModuleManager: Display: Found up-to-date module file ../../../Engine/Plugins/Online/OnlineSubsystemUtils/Binaries/Win64/UE4Editor-OnlineSubsystemUtils.dll (API version 3709383).
LogModuleManager: Display: Found up-to-date module file ../../../Engine/Plugins/Online/OnlineSubsystemUtils/Binaries/Win64/UE4Editor-OnlineBlueprintSupport.dll (API version 3709383).
LogModuleManager: Display: Found up-to-date module file ../../../Engine/Plugins/Runtime/AndroidDeviceProfileSelector/Binaries/Win64/UE4Editor-AndroidDeviceProfileSelector.dll (API version 3709383).
LogModuleManager: Display: Found up-to-date module file ../../../Engine/Plugins/Runtime/AndroidPermission/Binaries/Win64/UE4Editor-AndroidPermission.dll (API version 3709383).
LogModuleManager: Display: Found up-to-date module file ../../../Engine/Plugins/Runtime/AppleARKit/Binaries/Win64/UE4Editor-AppleARKit.dll (API version 3709383).
LogModuleManager: Display: Found up-to-date module file ../../../Engine/Plugins/Runtime/ArchVisCharacter/Binaries/Win64/UE4Editor-ArchVisCharacter.dll (API version 3709383).
LogModuleManager: Display: Found up-to-date module file ../../../Engine/Plugins/Runtime/CableComponent/Binaries/Win64/UE4Editor-CableComponent.dll (API version 3709383).
LogModuleManager: Display: Found up-to-date module file ../../../Engine/Plugins/Runtime/CustomMeshComponent/Binaries/Win64/UE4Editor-CustomMeshComponent.dll (API version 3709383).
LogModuleManager: Display: Found up-to-date module file ../../../Engine/Plugins/Runtime/ExampleDeviceProfileSelector/Binaries/Win64/UE4Editor-ExampleDeviceProfileSelector.dll (API version 3709383).
LogModuleManager: Display: Found up-to-date module file ../../../Engine/Plugins/Runtime/ImmediatePhysics/Binaries/Win64/UE4Editor-ImmediatePhysics.dll (API version 3709383).
LogModuleManager: Display: Found up-to-date module file ../../../Engine/Plugins/Runtime/ImmediatePhysics/Binaries/Win64/UE4Editor-ImmediatePhysicsEditor.dll (API version 3709383).
LogModuleManager: Display: Found up-to-date module file ../../../Engine/Plugins/Runtime/LocationServicesBPLibrary/Binaries/Win64/UE4Editor-LocationServicesBPLibrary.dll (API version 3709383).
LogModuleManager: Display: Found up-to-date module file ../../../Engine/Plugins/Runtime/MobilePatchingUtils/Binaries/Win64/UE4Editor-MobilePatchingUtils.dll (API version 3709383).
LogModuleManager: Display: Found up-to-date module file ../../../Engine/Plugins/Runtime/Oculus/OculusVR/Binaries/Win64/UE4Editor-OculusHMD.dll (API version 3709383).
LogModuleManager: Display: Found up-to-date module file ../../../Engine/Plugins/Runtime/Oculus/OculusVR/Binaries/Win64/UE4Editor-OculusInput.dll (API version 3709383).
LogModuleManager: Display: Found up-to-date module file ../../../Engine/Plugins/Runtime/Oculus/OculusVR/Binaries/Win64/UE4Editor-OculusEditor.dll (API version 3709383).
LogModuleManager: Display: Found up-to-date module file ../../../Engine/Plugins/Runtime/PhysXVehicles/Binaries/Win64/UE4Editor-PhysXVehicles.dll (API version 3709383).
LogModuleManager: Display: Found up-to-date module file ../../../Engine/Plugins/Runtime/PhysXVehicles/Binaries/Win64/UE4Editor-PhysXVehiclesEditor.dll (API version 3709383).
LogModuleManager: Display: Found up-to-date module file ../../../Engine/Plugins/Runtime/ProceduralMeshComponent/Binaries/Win64/UE4Editor-ProceduralMeshComponent.dll (API version 3709383).
LogModuleManager: Display: Found up-to-date module file ../../../Engine/Plugins/Runtime/ProceduralMeshComponent/Binaries/Win64/UE4Editor-ProceduralMeshComponentEditor.dll (API version 3709383).
LogModuleManager: Display: Found up-to-date module file ../../../Engine/Plugins/Runtime/RuntimePhysXCooking/Binaries/Win64/UE4Editor-RuntimePhysXCooking.dll (API version 3709383).
LogModuleManager: Display: Found up-to-date module file ../../../Engine/Plugins/Runtime/Steam/SteamVR/Binaries/Win64/UE4Editor-SteamVR.dll (API version 3709383).
LogModuleManager: Display: Found up-to-date module file ../../../Engine/Plugins/Runtime/Steam/SteamVR/Binaries/Win64/UE4Editor-SteamVRController.dll (API version 3709383).
LogModuleManager: Display: Found up-to-date module file ../../../Engine/Plugins/Runtime/WindowsMoviePlayer/Binaries/Win64/UE4Editor-WindowsMoviePlayer.dll (API version 3709383).
LogModuleManager: Display: Found up-to-date module file ../../../../../Unreal/PLE_Project/Plugins/SpeechRecognition/Binaries/Win64/UE4Editor-SpeechRecognition.dll (API version 3709383).
LogInit: Using libcurl 7.47.1
LogInit:  - built for x86_64-pc-win32
LogInit:  - supports SSL with OpenSSL/1.0.2g
LogInit:  - supports HTTP deflate (compression) using libz 1.2.8
LogInit:  - other features:
LogInit:      CURL_VERSION_SSL
LogInit:      CURL_VERSION_LIBZ
LogInit:      CURL_VERSION_IPV6
LogInit:      CURL_VERSION_ASYNCHDNS
LogInit:      CURL_VERSION_LARGEFILE
LogInit:      CURL_VERSION_IDN
LogInit:  CurlRequestOptions (configurable via config and command line):
LogInit:  - bVerifyPeer = false  - Libcurl will NOT verify peer certificate
LogInit:  - bUseHttpProxy = false  - Libcurl will NOT use HTTP proxy
LogInit:  - bDontReuseConnections = false  - Libcurl will reuse connections
LogInit:  - CertBundlePath = nullptr  - Libcurl will use whatever was configured at build time.
LogInit: Build: ++UE4+Release-4.18-CL-3832480
LogInit: Engine Version: 4.18.3-3832480+++UE4+Release-4.18
LogInit: Compatible Engine Version: 4.18.0-3709383+++UE4+Release-4.18
LogInit: Net CL: 3709383
LogDevObjectVersion: Number of dev versions registered: 16
LogDevObjectVersion:   Dev-Blueprints (B0D832E4-1F89-4F0D-ACCF-7EB736FD4AA2): 10
LogDevObjectVersion:   Dev-Build (E1C64328-A22C-4D53-A36C-8E866417BD8C): 0
LogDevObjectVersion:   Dev-Core (375EC13C-06E4-48FB-B500-84F0262A717E): 2
LogDevObjectVersion:   Dev-Editor (E4B068ED-F494-42E9-A231-DA0B2E46BB41): 20
LogDevObjectVersion:   Dev-Framework (CFFC743F-43B0-4480-9391-14DF171D2073): 30
LogDevObjectVersion:   Dev-Mobile (B02B49B5-BB20-44E9-A304-32B752E40360): 0
LogDevObjectVersion:   Dev-Networking (A4E4105C-59A1-49B5-A7C5-40C4547EDFEE): 0
LogDevObjectVersion:   Dev-Online (39C831C9-5AE6-47DC-9A44-9C173E1C8E7C): 0
LogDevObjectVersion:   Dev-Physics (78F01B33-EBEA-4F98-B9B4-84EACCB95AA2): 0
LogDevObjectVersion:   Dev-Platform (6631380F-2D4D-43E0-8009-CF276956A95A): 0
LogDevObjectVersion:   Dev-Rendering (12F88B9F-8875-4AFC-A67C-D90C383ABD29): 20
LogDevObjectVersion:   Dev-Sequencer (7B5AE74C-D270-4C10-A958-57980B212A5A): 4
LogDevObjectVersion:   Dev-VR (D7296918-1DD6-4BDD-9DE2-64A83CC13884): 0
LogDevObjectVersion:   Dev-LoadTimes (C2A15278-BFE7-4AFE-6C17-90FF531DF755): 1
LogDevObjectVersion:   Private-Geometry (6EACA3D4-40EC-4CC1-B786-8BED09428FC5): 1
LogDevObjectVersion:   Dev-AnimPhys (29E575DD-E0A3-4627-9D10-D276232CDCEA): 12
LogInit: Compiled (64-bit): Jan 12 2018 02:04:55
LogInit: Compiled with Visual C++: 19.00.24215.01
LogInit: Build Configuration: Development
LogInit: Branch Name: ++UE4+Release-4.18
LogInit: Command line: -EpicPortal  -epicusername="Bubbelsss_" -epicuserid=9d6f558acfd74aafb54559716100300f -epiclocale=en -epicsandboxid=ue
LogInit: Base directory: D:/Epic/UE_4.18/Engine/Binaries/Win64/
LogInit: Installed Engine Build: 1
LogInit: Presizing for max 8388607 objects, including 0 objects not considered by GC, pre-allocating 0 bytes for permanent pool.
LogInit: Object subsystem initialized
[2022.06.30-12.30.01:525][  0]LogInit: Selected Device Profile: [Windows]
[2022.06.30-12.30.01:525][  0]LogInit: Applying CVar settings loaded from the selected device profile: [Windows]
[2022.06.30-12.30.01:587][  0]LogInit: Computer: LAPTOP-E0GVLKBV
[2022.06.30-12.30.01:587][  0]LogInit: User: lisak
[2022.06.30-12.30.01:587][  0]LogInit: CPU Page size=4096, Cores=6
[2022.06.30-12.30.01:587][  0]LogInit: High frequency timer resolution =10.000000 MHz
[2022.06.30-12.30.01:588][  0]LogMemory: Memory total: Physical=15.9GB (16GB approx)
[2022.06.30-12.30.01:588][  0]LogMemory: Platform Memory Stats for Windows
[2022.06.30-12.30.01:588][  0]LogMemory: Process Physical Memory: 277.74 MB used, 277.75 MB peak
[2022.06.30-12.30.01:588][  0]LogMemory: Process Virtual Memory: 272.56 MB used, 272.56 MB peak
[2022.06.30-12.30.01:588][  0]LogMemory: Physical Memory: 10523.18 MB used,  5711.60 MB free, 16234.78 MB total
[2022.06.30-12.30.01:588][  0]LogMemory: Virtual Memory: 4772.13 MB used,  5711.60 MB free, 134217728.00 MB total
[2022.06.30-12.30.02:120][  0]LogInit: Using OS detected language (nl-NL).
[2022.06.30-12.30.02:120][  0]LogInit: Using OS detected locale (nl-NL).
[2022.06.30-12.30.02:130][  0]LogTextLocalizationManager: No localization for 'nl-NL' exists, so 'en' will be used for the language.
[2022.06.30-12.30.02:131][  0]LogTextLocalizationManager: No localization for 'nl-NL' exists, so 'en' will be used for the locale.
[2022.06.30-12.30.03:274][  0]LogInit: Setting process to per monitor DPI aware
[2022.06.30-12.30.04:173][  0]LogD3D11RHI: D3D11 adapters:
[2022.06.30-12.30.04:235][  0]LogD3D11RHI:    0. 'Intel(R) UHD Graphics 630' (Feature Level 11_0)
[2022.06.30-12.30.04:236][  0]LogD3D11RHI:       128/0/8117 MB DedicatedVideo/DedicatedSystem/SharedSystem, Outputs:1, VendorId:0x8086
[2022.06.30-12.30.04:513][  0]LogD3D11RHI:    1. 'NVIDIA GeForce GTX 1060' (Feature Level 11_0)
[2022.06.30-12.30.04:514][  0]LogD3D11RHI:       6052/0/8117 MB DedicatedVideo/DedicatedSystem/SharedSystem, Outputs:0, VendorId:0x10de
[2022.06.30-12.30.04:522][  0]LogD3D11RHI:    2. 'Microsoft Basic Render Driver' (Feature Level 11_0)
[2022.06.30-12.30.04:522][  0]LogD3D11RHI:       0/0/8117 MB DedicatedVideo/DedicatedSystem/SharedSystem, Outputs:0, VendorId:0x1414
[2022.06.30-12.30.04:522][  0]LogD3D11RHI: Chosen D3D11 Adapter: 1
[2022.06.30-12.30.04:540][  0]LogD3D11RHI: Creating new Direct3DDevice
[2022.06.30-12.30.04:541][  0]LogD3D11RHI:     GPU DeviceId: 0x1c20 (for the marketing name, search the web for "GPU Device Id")
[2022.06.30-12.30.04:541][  0]LogWindows: EnumDisplayDevices:
[2022.06.30-12.30.04:541][  0]LogWindows:    0. 'Intel(R) UHD Graphics 630' (P:1 D:1)
[2022.06.30-12.30.04:542][  0]LogWindows:    1. 'Intel(R) UHD Graphics 630' (P:0 D:0)
[2022.06.30-12.30.04:543][  0]LogWindows:    2. 'Intel(R) UHD Graphics 630' (P:0 D:0)
[2022.06.30-12.30.04:544][  0]LogWindows:    3. 'NVIDIA GeForce GTX 1060' (P:0 D:0)
[2022.06.30-12.30.04:544][  0]LogWindows: DebugString: GetVideoDriverDetailsInvalid PrimaryIsNotTheChoosenAdapter GetVideoDriverDetailsInvalid PrimaryIsNotTheChoosenAdapter GetVideoDriverDetailsInvalid PrimaryIsNotTheChoosenAdapter GetVideoDriverDetailsInvalid PrimaryIsNotTheChoosenAdapter FoundDriverCount:0 
[2022.06.30-12.30.04:544][  0]LogD3D11RHI:     Adapter Name: NVIDIA GeForce GTX 1060
[2022.06.30-12.30.04:544][  0]LogD3D11RHI:   Driver Version: Unknown (internal:Unknown, unified:Unknown)
[2022.06.30-12.30.04:544][  0]LogD3D11RHI:      Driver Date: Unknown
[2022.06.30-12.30.04:544][  0]LogRHI: Texture pool is 4236 MB (70% of 6052 MB)
[2022.06.30-12.30.04:759][  0]LogD3D11RHI: Async texture creation enabled
[2022.06.30-12.30.04:823][  0]LogD3D11RHI: GPU Timing Frequency: 1000.000000 (Debug: 2 1)
[2022.06.30-12.30.04:826][  0]LogShaderCompilers: Guid format shader working directory is 12 characters bigger than the processId version (../../../../../Unreal/PLE_Project/Intermediate/Shaders/WorkingDirectory/20064/).
[2022.06.30-12.30.04:826][  0]LogShaderCompilers: Cleaned the shader compiler working directory 'C:/Users/lisak/AppData/Local/Temp/UnrealShaderWorkingDir/4241A7FE4B24B75D4F9505832FB6621F/'.
[2022.06.30-12.30.04:826][  0]LogShaderCompilers: Display: Using Local Shader Compiler.
[2022.06.30-12.30.07:716][  0]LogTemp: Display: Loaded TP AllDesktopTargetPlatform
[2022.06.30-12.30.07:878][  0]LogTemp: Display: Loaded TP MacClientTargetPlatform
[2022.06.30-12.30.08:040][  0]LogTemp: Display: Loaded TP MacNoEditorTargetPlatform
[2022.06.30-12.30.08:202][  0]LogTemp: Display: Loaded TP MacServerTargetPlatform
[2022.06.30-12.30.08:365][  0]LogTemp: Display: Loaded TP MacTargetPlatform
[2022.06.30-12.30.08:526][  0]LogTemp: Display: Loaded TP WindowsClientTargetPlatform
[2022.06.30-12.30.08:691][  0]LogTemp: Display: Loaded TP WindowsNoEditorTargetPlatform
[2022.06.30-12.30.08:853][  0]LogTemp: Display: Loaded TP WindowsServerTargetPlatform
[2022.06.30-12.30.08:997][  0]LogTemp: Display: Loaded TP WindowsTargetPlatform
[2022.06.30-12.30.09:156][  0]LogTemp: Display: Loaded TP Android_ASTCTargetPlatform
[2022.06.30-12.30.09:317][  0]LogTemp: Display: Loaded TP Android_ATCTargetPlatform
[2022.06.30-12.30.09:477][  0]LogTemp: Display: Loaded TP Android_DXTTargetPlatform
[2022.06.30-12.30.09:636][  0]LogTemp: Display: Loaded TP Android_ETC1TargetPlatform
[2022.06.30-12.30.09:797][  0]LogTemp: Display: Loaded TP Android_ETC2TargetPlatform
[2022.06.30-12.30.10:126][  0]LogTemp: Display: Loaded TP Android_MultiTargetPlatform
[2022.06.30-12.30.10:126][  0]LogTemp: Display: Loaded TP Android_PVRTCTargetPlatform
[2022.06.30-12.30.10:291][  0]LogTemp: Display: Loaded TP AndroidTargetPlatform
[2022.06.30-12.30.10:423][  0]LogTemp: Display: Loaded TP HTML5TargetPlatform
[2022.06.30-12.30.10:668][  0]LogTemp: Display: Loaded TP IOSTargetPlatform
[2022.06.30-12.30.10:760][  0]LogTemp: Display: Loaded TP TVOSTargetPlatform
[2022.06.30-12.30.10:920][  0]LogTemp: Display: Loaded TP LinuxClientTargetPlatform
[2022.06.30-12.30.11:084][  0]LogTemp: Display: Loaded TP LinuxNoEditorTargetPlatform
[2022.06.30-12.30.11:243][  0]LogTemp: Display: Loaded TP LinuxServerTargetPlatform
[2022.06.30-12.30.11:405][  0]LogTemp: Display: Loaded TP LinuxTargetPlatform
[2022.06.30-12.30.11:406][  0]LogTargetPlatformManager: Display: Building Assets For Windows
[2022.06.30-12.30.12:921][  0]LogDerivedDataCache: Display: Max Cache Size: 512 MB
[2022.06.30-12.30.13:137][  0]LogDerivedDataCache: Loaded boot cache 0.21s 90MB C:/Users/lisak/AppData/Local/UnrealEngine/4.18/DerivedDataCache/Boot.ddc.
[2022.06.30-12.30.13:137][  0]LogDerivedDataCache: Display: Loaded Boot cache: C:/Users/lisak/AppData/Local/UnrealEngine/4.18/DerivedDataCache/Boot.ddc
[2022.06.30-12.30.13:137][  0]LogDerivedDataCache: FDerivedDataBackendGraph:  Pak pak cache file ../../../../../Unreal/PLE_Project/DerivedDataCache/DDC.ddp not found, will not use a pak cache.
[2022.06.30-12.30.13:137][  0]LogDerivedDataCache: Unable to find inner node Pak for hierarchical cache Hierarchy.
[2022.06.30-12.30.13:137][  0]LogDerivedDataCache: FDerivedDataBackendGraph:  CompressedPak pak cache file ../../../../../Unreal/PLE_Project/DerivedDataCache/Compressed.ddp not found, will not use a pak cache.
[2022.06.30-12.30.13:138][  0]LogDerivedDataCache: Unable to find inner node CompressedPak for hierarchical cache Hierarchy.
[2022.06.30-12.30.13:190][  0]LogDerivedDataCache: Display: Pak cache opened for reading ../../../Engine/DerivedDataCache/Compressed.ddp.
[2022.06.30-12.30.13:205][  0]LogDerivedDataCache: Using Local data cache path C:/Users/lisak/AppData/Local/UnrealEngine/Common/DerivedDataCache: Writable
[2022.06.30-12.30.13:243][  0]LogMaterial: Verifying Global Shaders for PCD3D_SM5
[2022.06.30-12.30.13:244][  0]LogSlate: Using Freetype 2.6.0
[2022.06.30-12.30.13:246][  0]LogSlate: SlateFontCache - WITH_FREETYPE: 1, WITH_HARFBUZZ: 1
[2022.06.30-12.30.13:246][  0]LogSlate: SlateFontCache - WITH_FREETYPE: 1, WITH_HARFBUZZ: 1
[2022.06.30-12.30.14:380][  0]LogInit: Selected Device Profile: [Windows]
[2022.06.30-12.30.15:403][  0]LogSimplygon: Simplygon DLL not present - disabling.
[2022.06.30-12.30.15:532][  0]LogMeshReduction: Using SimplygonSwarm for distributed automatic mesh merging
[2022.06.30-12.30.15:532][  0]LogMeshReduction: Using QuadricMeshReduction for automatic static mesh reduction
[2022.06.30-12.30.15:532][  0]LogMeshReduction: No automatic skeletal mesh reduction module available
[2022.06.30-12.30.15:532][  0]LogMeshReduction: No automatic mesh merging module available
[2022.06.30-12.30.15:532][  0]LogMeshMerging: No automatic mesh merging module available
[2022.06.30-12.30.15:611][  0]LogNetVersion: Sphinx_UE4_Demo , NetCL: 3709383, EngineNetVer: 2, GameNetVer: 0 (Checksum: 1120544880)
[2022.06.30-12.30.16:080][  0]LogAssetRegistry: FAssetRegistry took 0.0367 seconds to start up
[2022.06.30-12.30.17:497][  0]LogPackageLocalizationCache: Processed 7 localized package path(s) for 1 prioritized culture(s) in 0.096241 seconds
[2022.06.30-12.30.17:510][  0]LogUObjectArray: 35870 objects as part of root set at end of initial load.
[2022.06.30-12.30.17:510][  0]LogUObjectAllocator: 7363696 out of 0 bytes used by permanent object pool.
[2022.06.30-12.30.17:510][  0]LogUObjectArray: CloseDisregardForGC: 0/0 objects in disregard for GC pool
[2022.06.30-12.30.17:685][  0]LogInit: WinSock: version 1.1 (2.2), MaxSocks=32767, MaxUdp=65467
[2022.06.30-12.30.26:249][  0]LogTcpMessaging: Initializing TcpMessaging bridge
[2022.06.30-12.30.26:356][  0]LogUdpMessaging: Initializing bridge on interface 0.0.0.0:0 to multicast group 230.0.0.1:6666.
[2022.06.30-12.30.29:015][  0]LogMaterial: Uniform references updated for custom material expression Custom.
[2022.06.30-12.30.30:389][  0]SourceControl: Source control is disabled
[2022.06.30-12.30.30:389][  0]SourceControl: Source control is disabled
[2022.06.30-12.30.30:559][  0]SourceControl: Source control is disabled
[2022.06.30-12.30.30:727][  0]SourceControl: Source control is disabled
[2022.06.30-12.30.33:356][  0]LogAndroidPermission: UAndroidPermissionCallbackProxy::GetInstance
[2022.06.30-12.30.34:218][  0]LogOcInput: OculusInput pre-init called
[2022.06.30-12.30.35:087][  0]LogEngine: Initializing Engine...
[2022.06.30-12.30.35:095][  0]LogHMD: Failed to initialize OpenVR with code 110
[2022.06.30-12.30.35:684][  0]LogStats: UGameplayTagsManager::ConstructGameplayTagTree: Construct from data asset -  0.000 s
[2022.06.30-12.30.35:684][  0]LogStats: UGameplayTagsManager::ConstructGameplayTagTree: GameplayTagTreeChangedEvent.Broadcast -  0.000 s
[2022.06.30-12.30.36:098][  0]LogAIModule: Creating AISystem for world Untitled
[2022.06.30-12.30.36:154][  0]LogInit: XAudio2 using 'Speakers (Realtek(R) Audio)' : 2 channels at 48 kHz using 32 bits per sample (channel mask 0x3)
[2022.06.30-12.30.36:305][  0]LogInit: FAudioDevice initialized.
[2022.06.30-12.30.36:714][  0]LogDerivedDataCache: Saved boot cache 0.41s 90MB C:/Users/lisak/AppData/Local/UnrealEngine/4.18/DerivedDataCache/Boot.ddc.
[2022.06.30-12.30.36:745][  0]LogInit: Texture streaming: Enabled
[2022.06.30-12.30.37:090][  0]LogEngineSessionManager: EngineSessionManager initialized
[2022.06.30-12.30.37:555][  0]LogInit: Transaction tracking system initialized
[2022.06.30-12.30.38:592][  0]BlueprintLog: New page: Editor Load
[2022.06.30-12.30.41:531][  0]LocalizationService: Localization service is disabled
[2022.06.30-12.30.43:925][  0]LogConsoleResponse: Display: 
[2022.06.30-12.30.44:847][  0]LogCook: Display: Max memory allowance for cook 16384mb min free memory 0mb
[2022.06.30-12.30.44:848][  0]LogCook: Display: Mobile HDR setting 1
[2022.06.30-12.30.44:848][  0]LogGameplayTags: Display: UGameplayTagsManager::DoneAddingNativeTags. DelegateIsBound: 0
[2022.06.30-12.30.45:622][  0]LogFileCache: Scanning file cache for directory 'D:/Unreal/PLE_Project/Content/' took 0.03s
[2022.06.30-12.30.48:893][  0]SourceControl: Source control is disabled
[2022.06.30-12.30.48:893][  0]Cmd: MAP LOAD FILE="../../../../../Unreal/PLE_Project/Content/Maps/Examples/C++Example.umap" TEMPLATE=0 SHOWPROGRESS=1 FEATURELEVEL=3
[2022.06.30-12.30.48:894][  0]LogEditorServer: Warning: Can't find file '../../../../../Unreal/PLE_Project/Content/Maps/Examples/C++Example.umap'
[2022.06.30-12.30.48:894][  0]Cmd: MAP CHECKDEP NOCLEARLOG
[2022.06.30-12.30.49:036][  0]MapCheck: Map check complete: 0 Error(s), 0 Warning(s), took 141.494ms to complete.
[2022.06.30-12.30.49:037][  0]LogFileHelpers: Loading map 'C++Example' took 0.143
[2022.06.30-12.30.49:897][  0]LogCollectionManager: Loaded 1 collections in 0.014617 seconds
[2022.06.30-12.30.50:321][  0]LogFileCache: Scanning file cache for directory 'D:/Unreal/PLE_Project/Saved/Collections/' took 0.01s
[2022.06.30-12.30.50:322][  0]LogFileCache: Scanning file cache for directory 'D:/Unreal/PLE_Project/Content/Developers/lisak/Collections/' took 0.01s
[2022.06.30-12.30.50:322][  0]LogFileCache: Scanning file cache for directory 'D:/Unreal/PLE_Project/Content/Collections/' took 0.01s
[2022.06.30-12.30.50:322][  0]LogCollectionManager: Rebuilt the GUID cache for 1 collections in 0.000014 seconds
[2022.06.30-12.30.50:323][  0]LogCollectionManager: Rebuilt the hierarchy cache for 1 collections in 0.000001 seconds
[2022.06.30-12.30.50:357][  0]LogContentBrowser: Native class hierarchy populated in 0.0301 seconds. Added 2366 classes and 524 folders.
[2022.06.30-12.30.50:677][  0]LogContentBrowser: Native class hierarchy updated for 'WidgetCarousel' in 0.0017 seconds. Added 0 classes and 0 folders.
[2022.06.30-12.30.53:088][  0]LogContentBrowser: Native class hierarchy updated for 'AddContentDialog' in 0.0017 seconds. Added 0 classes and 0 folders.
[2022.06.30-12.30.53:348][  0]LogContentBrowser: Native class hierarchy updated for 'SceneOutliner' in 0.0022 seconds. Added 1 classes and 2 folders.
[2022.06.30-12.30.54:543][  0]LogSlate: Took 0.000566 seconds to synchronously load lazily loaded font '../../../Engine/Content/Slate/Fonts/Roboto-Regular.ttf' (155K)
[2022.06.30-12.30.54:562][  0]LogSlate: Took 0.000790 seconds to synchronously load lazily loaded font '../../../Engine/Content/Slate/Fonts/Roboto-Bold.ttf' (160K)
[2022.06.30-12.30.54:631][  0]LogSlate: Took 0.039407 seconds to synchronously load lazily loaded font '../../../Engine/Content/Editor/Slate/Fonts/FontAwesome.ttf' (139K)
[2022.06.30-12.30.55:364][  0]LogRenderer: Reallocating scene render targets to support 972x396 Format 10 NumSamples 1 (Frame:1).
[2022.06.30-12.30.56:053][  0]LogContentBrowser: Native class hierarchy updated for 'HierarchicalLODOutliner' in 0.0018 seconds. Added 1 classes and 2 folders.
[2022.06.30-12.30.56:053][  0]LogLoad: (Engine Initialization) Total time: 63.36 seconds
[2022.06.30-12.30.56:053][  0]LogLoad: (Engine Initialization) Total Blueprint compile time: 0.00 seconds
[2022.06.30-12.30.56:054][  0]LogExternalProfiler: No external profilers were discovered.  External profiling features will not be available.
[2022.06.30-12.30.56:140][  0]LogContentStreaming: Texture pool size now 1000 MB
[2022.06.30-12.30.56:512][  3]LogAssetRegistry: Asset discovery search completed in 40.4563 seconds
[2022.06.30-12.30.56:516][  3]LogCollectionManager: Rebuilt the object cache for 1 collections in 0.000018 seconds (found 0 objects)
[2022.06.30-12.30.56:517][  3]LogCollectionManager: Fixed up redirectors for 1 collections in 0.000189 seconds (updated 0 objects)
[2022.06.30-12.31.00:428][184]LogSlate: Took 0.036196 seconds to synchronously load lazily loaded font '../../../Engine/Content/Slate/Fonts/Roboto-Light.ttf' (159K)
[2022.06.30-12.31.08:072][443]LogTemp: Repeating last play command: Standalone Game
[2022.06.30-12.31.10:581][443]LogPlayLevel: Warning: PIE failed because map save was canceled
[2022.06.30-12.31.10:581][443]PIE: Warning: PIE failed because map save was canceled
[2022.06.30-12.31.16:420][609]LogSlate: Took 0.000531 seconds to synchronously load lazily loaded font '../../../Engine/Content/Slate/Fonts/Roboto-Light.ttf' (159K)
[2022.06.30-12.31.17:540][609]LogSlate: Took 0.000516 seconds to synchronously load lazily loaded font '../../../Engine/Content/Slate/Fonts/Roboto-Regular.ttf' (155K)
[2022.06.30-12.31.18:421][609]LogBlueprint: Error: [Compiler InGameGameMode] Spawn node  SpawnActor NONE  must have a  Class  specified.
[2022.06.30-12.31.18:422][609]LogBlueprint: Warning: [Compiler InGameGameMode] Input pin  Instigator  specifying non-default value no longer exists on node  SpawnActor NONE . Please refresh node or reset pin to default value to remove pin.
[2022.06.30-12.31.18:427][609]LogBlueprint: Warning: [Compiler InGameGameMode] [0085.73] Compile of InGameGameMode failed. 1 Fatal Issue(s) 1 Warning(s) [in 21 ms] (/Game/Blueprints/GameMode/InGameGameMode.InGameGameMode)
[2022.06.30-12.31.20:779][609]LogAIModule: Creating AISystem for world Scene1
[2022.06.30-12.31.20:958][609]Cmd: MAP LOAD FILE="../../../../../Unreal/PLE_Project/Content/Maps/Game/Scene1.umap" TEMPLATE=0 SHOWPROGRESS=1 FEATURELEVEL=3
[2022.06.30-12.31.20:959][609]LightingResults: New page: Lighting Build
[2022.06.30-12.31.21:098][609]LogContentBrowser: Native class hierarchy updated for 'StatsViewer' in 0.0017 seconds. Added 5 classes and 0 folders.
[2022.06.30-12.31.21:100][609]LoadErrors: New page: Loading map: Scene1.umap
[2022.06.30-12.31.21:101][609]MapCheck: New page: Map Check
[2022.06.30-12.31.21:101][609]LightingResults: New page: Lighting Build
[2022.06.30-12.31.21:550][609]LogEditorServer: Finished looking for orphan Actors (0.000 secs)
[2022.06.30-12.31.21:672][609]Cmd: MAP CHECKDEP NOCLEARLOG
[2022.06.30-12.31.21:809][609]MapCheck: Map check complete: 0 Error(s), 0 Warning(s), took 137.416ms to complete.
[2022.06.30-12.31.21:818][609]LogFileHelpers: Loading map 'Scene1' took 0.861
[2022.06.30-12.49.35:550][653]LogD3D11RHI: Timed out while waiting for GPU to catch up. (500 ms)
[2022.06.30-12.49.45:068][680]Cmd: QUIT_EDITOR
[2022.06.30-12.49.45:118][680]LogWindowsTextInputMethodSystem: Display: IME system now deactivated.
[2022.06.30-12.49.45:153][680]LogExit: Preparing to exit.
[2022.06.30-12.49.46:436][680]LogDirectoryWatcher: A directory notification for 'D:/Unreal/PLE_Project/Content/' was aborted.
[2022.06.30-12.49.46:544][680]LogExit: Editor shut down
[2022.06.30-12.49.46:603][680]LogExit: Transaction tracking system shut down
[2022.06.30-12.49.46:913][680]LogDirectoryWatcher: A directory notification for '../../../Engine/Content/' was aborted.
[2022.06.30-12.49.46:914][680]LogDirectoryWatcher: A directory notification for '../../../../../Unreal/PLE_Project/Content/' was aborted.
[2022.06.30-12.49.46:914][680]LogDirectoryWatcher: A directory notification for '../../../Engine/Plugins/2D/Paper2D/Content/' was aborted.
[2022.06.30-12.49.46:914][680]LogDirectoryWatcher: A directory notification for '../../../Engine/Plugins/Media/MediaCompositing/Content/' was aborted.
[2022.06.30-12.49.46:914][680]LogDirectoryWatcher: A directory notification for '../../../Engine/Plugins/Runtime/AppleARKit/Content/' was aborted.
[2022.06.30-12.49.46:915][680]LogDirectoryWatcher: A directory notification for '../../../Engine/Plugins/Runtime/Oculus/OculusVR/Content/' was aborted.
[2022.06.30-12.49.46:915][680]LogDirectoryWatcher: A directory notification for '../../../Engine/Plugins/Runtime/Steam/SteamVR/Content/' was aborted.
[2022.06.30-12.49.47:051][680]LogExit: Object subsystem successfully closed.
[2022.06.30-12.49.47:095][680]LogD3D11RHI: Shutdown
[2022.06.30-12.49.47:096][680]LogD3D11RHI: CleanupD3DDevice
[2022.06.30-12.49.47:104][680]LogD3D11RHI: ~FD3D11DynamicRHI
[2022.06.30-12.49.47:128][680]LogModuleManager: Shutting down and abandoning module StatsViewer (552)
[2022.06.30-12.49.47:128][680]LogModuleManager: Shutting down and abandoning module HierarchicalLODOutliner (550)
[2022.06.30-12.49.47:128][680]LogModuleManager: Shutting down and abandoning module DesktopPlatform (548)
[2022.06.30-12.49.47:128][680]LogModuleManager: Shutting down and abandoning module SceneOutliner (546)
[2022.06.30-12.49.47:128][680]LogModuleManager: Shutting down and abandoning module AddContentDialog (544)
[2022.06.30-12.49.47:129][680]LogDirectoryWatcher: A directory notification for 'D:/Epic/UE_4.18/FeaturePacks/' was aborted.
[2022.06.30-12.49.47:133][680]LogModuleManager: Shutting down and abandoning module WidgetCarousel (543)
[2022.06.30-12.49.47:133][680]LogModuleManager: Shutting down and abandoning module EditorWidgets (540)
[2022.06.30-12.49.47:133][680]LogModuleManager: Shutting down and abandoning module CollectionManager (538)
[2022.06.30-12.49.47:133][680]LogDirectoryWatcher: A directory notification for 'D:/Unreal/PLE_Project/Content/Collections/' was aborted.
[2022.06.30-12.49.47:133][680]LogDirectoryWatcher: A directory notification for 'D:/Unreal/PLE_Project/Content/Developers/lisak/Collections/' was aborted.
[2022.06.30-12.49.47:134][680]LogDirectoryWatcher: A directory notification for 'D:/Unreal/PLE_Project/Saved/Collections/' was aborted.
[2022.06.30-12.49.47:134][680]LogModuleManager: Shutting down and abandoning module FoliageEdit (536)
[2022.06.30-12.49.47:134][680]LogModuleManager: Shutting down and abandoning module LandscapeEditor (534)
[2022.06.30-12.49.47:134][680]LogModuleManager: Shutting down and abandoning module MeshPaintMode (532)
[2022.06.30-12.49.47:134][680]LogModuleManager: Shutting down and abandoning module SceneDepthPickerMode (530)
[2022.06.30-12.49.47:134][680]LogModuleManager: Shutting down and abandoning module ActorPickerMode (528)
[2022.06.30-12.49.47:134][680]LogModuleManager: Shutting down and abandoning module GeometryMode (526)
[2022.06.30-12.49.47:135][680]LogModuleManager: Shutting down and abandoning module TextureAlignMode (524)
[2022.06.30-12.49.47:135][680]LogModuleManager: Shutting down and abandoning module BspMode (522)
[2022.06.30-12.49.47:135][680]LogModuleManager: Shutting down and abandoning module PIEPreviewDeviceProfileSelector (520)
[2022.06.30-12.49.47:135][680]LogModuleManager: Shutting down and abandoning module HardwareSurvey (518)
[2022.06.30-12.49.47:135][680]LogModuleManager: Shutting down and abandoning module SequenceRecorderSections (516)
[2022.06.30-12.49.47:135][680]LogModuleManager: Shutting down and abandoning module AutomationWorker (514)
[2022.06.30-12.49.47:135][680]LogModuleManager: Shutting down and abandoning module MatineeToLevelSequence (512)
[2022.06.30-12.49.47:135][680]LogModuleManager: Shutting down and abandoning module LevelSequenceEditor (510)
[2022.06.30-12.49.47:135][680]LogModuleManager: Shutting down and abandoning module PlacementMode (509)
[2022.06.30-12.49.47:135][680]LogModuleManager: Shutting down and abandoning module WmfMediaFactory (506)
[2022.06.30-12.49.47:135][680]LogModuleManager: Shutting down and abandoning module WmfMediaEditor (504)
[2022.06.30-12.49.47:136][680]LogModuleManager: Shutting down and abandoning module OpenExrWrapper (502)
[2022.06.30-12.49.47:136][680]LogModuleManager: Shutting down and abandoning module ImgMediaFactory (500)
[2022.06.30-12.49.47:136][680]LogModuleManager: Shutting down and abandoning module ImgMediaEditor (498)
[2022.06.30-12.49.47:136][680]LogModuleManager: Shutting down and abandoning module AvfMediaFactory (496)
[2022.06.30-12.49.47:136][680]LogModuleManager: Shutting down and abandoning module AvfMediaEditor (494)
[2022.06.30-12.49.47:136][680]LogModuleManager: Shutting down and abandoning module AndroidMediaFactory (492)
[2022.06.30-12.49.47:136][680]LogModuleManager: Shutting down and abandoning module AndroidMediaEditor (490)
[2022.06.30-12.49.47:136][680]LogModuleManager: Shutting down and abandoning module CharacterAI (488)
[2022.06.30-12.49.47:136][680]LogModuleManager: Shutting down and abandoning module AudioCapture (486)
[2022.06.30-12.49.47:136][680]LogModuleManager: Shutting down and abandoning module SequenceRecorder (485)
[2022.06.30-12.49.47:136][680]LogModuleManager: Shutting down and abandoning module SmartSnapping (482)
[2022.06.30-12.49.47:136][680]LogModuleManager: Shutting down and abandoning module SessionServices (480)
[2022.06.30-12.49.47:136][680]LogModuleManager: Shutting down and abandoning module ViewportSnapping (478)
[2022.06.30-12.49.47:136][680]LogModuleManager: Shutting down and abandoning module ViewportInteraction (476)
[2022.06.30-12.49.47:136][680]LogModuleManager: Shutting down and abandoning module ClothPainter (474)
[2022.06.30-12.49.47:136][680]LogModuleManager: Shutting down and abandoning module SkeletalMeshEditor (473)
[2022.06.30-12.49.47:137][680]LogModuleManager: Shutting down and abandoning module LogVisualizer (470)
[2022.06.30-12.49.47:137][680]LogModuleManager: Shutting down and abandoning module IntroTutorials (468)
[2022.06.30-12.49.47:137][680]LogModuleManager: Shutting down and abandoning module GameProjectGeneration (467)
[2022.06.30-12.49.47:137][680]LogModuleManager: Shutting down and abandoning module IOSPlatformEditor (464)
[2022.06.30-12.49.47:137][680]LogModuleManager: Shutting down and abandoning module HTML5PlatformEditor (462)
[2022.06.30-12.49.47:137][680]LogModuleManager: Shutting down and abandoning module AndroidPlatformEditor (460)
[2022.06.30-12.49.47:137][680]LogModuleManager: Shutting down and abandoning module AndroidDeviceDetection (459)
[2022.06.30-12.49.47:374][680]LogModuleManager: Shutting down and abandoning module WindowsPlatformEditor (456)
[2022.06.30-12.49.47:374][680]LogModuleManager: Shutting down and abandoning module IOSRuntimeSettings (454)
[2022.06.30-12.49.47:374][680]LogModuleManager: Shutting down and abandoning module AndroidRuntimeSettings (452)
[2022.06.30-12.49.47:374][680]LogModuleManager: Shutting down and abandoning module InputBindingEditor (450)
[2022.06.30-12.49.47:375][680]LogModuleManager: Shutting down and abandoning module MergeActors (448)
[2022.06.30-12.49.47:375][680]LogModuleManager: Shutting down and abandoning module SizeMap (446)
[2022.06.30-12.49.47:375][680]LogModuleManager: Shutting down and abandoning module TreeMap (444)
[2022.06.30-12.49.47:375][680]LogModuleManager: Shutting down and abandoning module ReferenceViewer (442)
[2022.06.30-12.49.47:375][680]LogModuleManager: Shutting down and abandoning module LocalizationDashboard (440)
[2022.06.30-12.49.47:375][680]LogModuleManager: Shutting down and abandoning module LocalizationService (439)
[2022.06.30-12.49.47:375][680]LogModuleManager: Shutting down and abandoning module HardwareTargeting (436)
[2022.06.30-12.49.47:375][680]LogModuleManager: Shutting down and abandoning module DeviceProfileEditor (434)
[2022.06.30-12.49.47:375][680]LogModuleManager: Shutting down and abandoning module UndoHistory (432)
[2022.06.30-12.49.47:375][680]LogModuleManager: Shutting down and abandoning module XmlParser (430)
[2022.06.30-12.49.47:375][680]LogModuleManager: Shutting down and abandoning module Blutility (428)
[2022.06.30-12.49.47:375][680]LogModuleManager: Shutting down and abandoning module ProjectSettingsViewer (426)
[2022.06.30-12.49.47:375][680]LogModuleManager: Shutting down and abandoning module ProjectTargetPlatformEditor (425)
[2022.06.30-12.49.47:376][680]LogModuleManager: Shutting down and abandoning module EditorSettingsViewer (422)
[2022.06.30-12.49.47:376][680]LogModuleManager: Shutting down and abandoning module SettingsEditor (420)
[2022.06.30-12.49.47:376][680]LogModuleManager: Shutting down and abandoning module ProjectLauncher (418)
[2022.06.30-12.49.47:376][680]LogModuleManager: Shutting down and abandoning module SessionFrontend (416)
[2022.06.30-12.49.47:376][680]LogModuleManager: Shutting down and abandoning module ProfilerClient (414)
[2022.06.30-12.49.47:376][680]LogModuleManager: Shutting down and abandoning module DeviceManager (412)
[2022.06.30-12.49.47:376][680]LogModuleManager: Shutting down and abandoning module TargetDeviceServices (411)
[2022.06.30-12.49.47:431][680]LogModuleManager: Shutting down and abandoning module AutomationController (408)
[2022.06.30-12.49.47:431][680]LogModuleManager: Shutting down and abandoning module AutomationWindow (406)
[2022.06.30-12.49.47:431][680]LogModuleManager: Shutting down and abandoning module Layers (404)
[2022.06.30-12.49.47:431][680]LogModuleManager: Shutting down and abandoning module ComponentVisualizers (402)
[2022.06.30-12.49.47:431][680]LogModuleManager: Shutting down and abandoning module DetailCustomizations (400)
[2022.06.30-12.49.47:431][680]LogModuleManager: Shutting down and abandoning module PackagesDialog (398)
[2022.06.30-12.49.47:432][680]LogModuleManager: Shutting down and abandoning module Persona (396)
[2022.06.30-12.49.47:432][680]LogModuleManager: Shutting down and abandoning module AdvancedPreviewScene (395)
[2022.06.30-12.49.47:432][680]LogModuleManager: Shutting down and abandoning module AnimGraph (393)
[2022.06.30-12.49.47:432][680]LogModuleManager: Shutting down and abandoning module Kismet (390)
[2022.06.30-12.49.47:433][680]LogModuleManager: Shutting down and abandoning module ClassViewer (388)
[2022.06.30-12.49.47:434][680]LogModuleManager: Shutting down and abandoning module Toolbox (386)
[2022.06.30-12.49.47:434][680]LogModuleManager: Shutting down and abandoning module ModuleUI (384)
[2022.06.30-12.49.47:434][680]LogModuleManager: Shutting down and abandoning module MovieSceneTools (382)
[2022.06.30-12.49.47:434][680]LogModuleManager: Shutting down and abandoning module OutputLog (380)
[2022.06.30-12.49.47:434][680]LogModuleManager: Shutting down and abandoning module GammaUI (378)
[2022.06.30-12.49.47:434][680]LogModuleManager: Shutting down and abandoning module Documentation (376)
[2022.06.30-12.49.47:434][680]LogModuleManager: Shutting down and abandoning module MovieSceneTracks (374)
[2022.06.30-12.49.47:434][680]LogModuleManager: Shutting down and abandoning module MovieScene (372)
[2022.06.30-12.49.47:434][680]LogModuleManager: Shutting down and abandoning module StreamingPauseRendering (370)
[2022.06.30-12.49.47:434][680]LogModuleManager: Shutting down and abandoning module LauncherPlatform (368)
[2022.06.30-12.49.47:434][680]LogModuleManager: Shutting down and abandoning module AnalyticsET (366)
[2022.06.30-12.49.47:435][680]LogModuleManager: Shutting down and abandoning module PortalServices (364)
[2022.06.30-12.49.47:435][680]LogModuleManager: Shutting down and abandoning module PortalRpc (362)
[2022.06.30-12.49.47:435][680]LogModuleManager: Shutting down and abandoning module MessagingRpc (360)
[2022.06.30-12.49.47:435][680]LogModuleManager: Shutting down and abandoning module AIModule (358)
[2022.06.30-12.49.47:435][680]LogModuleManager: Shutting down and abandoning module GameplayDebugger (357)
[2022.06.30-12.49.47:435][680]LogModuleManager: Shutting down and abandoning module AITestSuite (355)
[2022.06.30-12.49.47:435][680]LogModuleManager: Shutting down and abandoning module ProfilerService (352)
[2022.06.30-12.49.47:453][680]LogModuleManager: Shutting down and abandoning module TaskGraph (350)
[2022.06.30-12.49.47:453][680]LogModuleManager: Shutting down and abandoning module SteamVRController (348)
[2022.06.30-12.49.47:453][680]LogModuleManager: Shutting down and abandoning module ProceduralMeshComponentEditor (346)
[2022.06.30-12.49.47:453][680]LogModuleManager: Shutting down and abandoning module ProceduralMeshComponent (344)
[2022.06.30-12.49.47:453][680]LogModuleManager: Shutting down and abandoning module OculusInput (342)
[2022.06.30-12.49.47:453][680]LogModuleManager: Shutting down and abandoning module MobilePatchingUtils (340)
[2022.06.30-12.49.47:453][680]LogModuleManager: Shutting down and abandoning module CustomMeshComponent (338)
[2022.06.30-12.49.47:453][680]LogModuleManager: Shutting down and abandoning module CableComponent (336)
[2022.06.30-12.49.47:453][680]LogModuleManager: Shutting down and abandoning module ArchVisCharacter (334)
[2022.06.30-12.49.47:454][680]LogModuleManager: Shutting down and abandoning module AndroidPermission (332)
[2022.06.30-12.49.47:454][680]LogModuleManager: Shutting down and abandoning module ActorSequence (328)
[2022.06.30-12.49.47:454][680]LogModuleManager: Shutting down and abandoning module MediaPlayerEditor (326)
[2022.06.30-12.49.47:454][680]LogModuleManager: Shutting down and abandoning module MediaCompositingEditor (324)
[2022.06.30-12.49.47:454][680]LogModuleManager: Shutting down and abandoning module MediaCompositing (322)
[2022.06.30-12.49.47:454][680]LogModuleManager: Shutting down and abandoning module HTML5Networking (320)
[2022.06.30-12.49.47:454][680]LogModuleManager: Shutting down and abandoning module AlembicImporter (318)
[2022.06.30-12.49.47:454][680]LogModuleManager: Shutting down and abandoning module AlembicLibrary (317)
[2022.06.30-12.49.47:454][680]LogModuleManager: Shutting down and abandoning module GeometryCache (316)
[2022.06.30-12.49.47:454][680]LogModuleManager: Shutting down and abandoning module GeometryCacheEd (315)
[2022.06.30-12.49.47:454][680]LogModuleManager: Shutting down and abandoning module SpeedTreeImporter (310)
[2022.06.30-12.49.47:454][680]LogModuleManager: Shutting down and abandoning module PluginBrowser (308)
[2022.06.30-12.49.47:455][680]LogModuleManager: Shutting down and abandoning module MobileLauncherProfileWizard (306)
[2022.06.30-12.49.47:455][680]LogModuleManager: Shutting down and abandoning module VisualStudioSourceCodeAccess (304)
[2022.06.30-12.49.47:455][680]LogModuleManager: Shutting down and abandoning module VisualStudioCodeSourceCodeAccess (302)
[2022.06.30-12.49.47:455][680]LogModuleManager: Shutting down and abandoning module UObjectPlugin (300)
[2022.06.30-12.49.47:455][680]LogModuleManager: Shutting down and abandoning module SubversionSourceControl (298)
[2022.06.30-12.49.47:455][680]LogModuleManager: Shutting down and abandoning module PerforceSourceControl (296)
[2022.06.30-12.49.47:455][680]LogModuleManager: Shutting down and abandoning module GitSourceControl (294)
[2022.06.30-12.49.47:455][680]LogModuleManager: Shutting down and abandoning module SourceControl (293)
[2022.06.30-12.49.47:455][680]LogModuleManager: Shutting down and abandoning module LightPropagationVolumeEditor (290)
[2022.06.30-12.49.47:455][680]LogModuleManager: Shutting down and abandoning module PaperTiledImporter (288)
[2022.06.30-12.49.47:455][680]LogModuleManager: Shutting down and abandoning module PaperSpriteSheetImporter (286)
[2022.06.30-12.49.47:455][680]LogModuleManager: Shutting down and abandoning module Paper2DEditor (284)
[2022.06.30-12.49.47:456][680]LogModuleManager: Shutting down and abandoning module MeshPaint (283)
[2022.06.30-12.49.47:456][680]LogModuleManager: Shutting down and abandoning module LevelEditor (281)
[2022.06.30-12.49.47:458][680]LogModuleManager: Shutting down and abandoning module PixelInspectorModule (280)
[2022.06.30-12.49.47:458][680]LogModuleManager: Shutting down and abandoning module MainFrame (278)
[2022.06.30-12.49.47:458][680]LogModuleManager: Shutting down and abandoning module HotReload (277)
[2022.06.30-12.49.47:458][680]LogDirectoryWatcher: A directory notification for 'D:/Unreal/PLE_Project/Binaries/Win64' was aborted.
[2022.06.30-12.49.47:458][680]LogDirectoryWatcher: A directory notification for 'D:/Unreal/PLE_Project/Plugins/SpeechRecognition/Binaries/Win64' was aborted.
[2022.06.30-12.49.47:459][680]LogModuleManager: Shutting down and abandoning module Sphinx_UE4_Demo (272)
[2022.06.30-12.49.47:459][680]LogModuleManager: Shutting down and abandoning module SpeechRecognition (270)
[2022.06.30-12.49.47:459][680]LogModuleManager: Shutting down and abandoning module RuntimePhysXCooking (268)
[2022.06.30-12.49.47:459][680]LogModuleManager: Shutting down and abandoning module PhysXVehiclesEditor (266)
[2022.06.30-12.49.47:460][680]LogModuleManager: Shutting down and abandoning module PhysXVehicles (264)
[2022.06.30-12.49.47:460][680]LogModuleManager: Shutting down and abandoning module OculusEditor (262)
[2022.06.30-12.49.47:460][680]LogModuleManager: Shutting down and abandoning module LocationServicesBPLibrary (260)
[2022.06.30-12.49.47:460][680]LogModuleManager: Shutting down and abandoning module ImmediatePhysicsEditor (258)
[2022.06.30-12.49.47:460][680]LogModuleManager: Shutting down and abandoning module ImmediatePhysics (256)
[2022.06.30-12.49.47:460][680]LogModuleManager: Shutting down and abandoning module UdpMessaging (254)
[2022.06.30-12.49.47:561][680]LogModuleManager: Shutting down and abandoning module TcpMessaging (252)
[2022.06.30-12.49.47:662][680]LogModuleManager: Shutting down and abandoning module GameplayTagsEditor (250)
[2022.06.30-12.49.47:662][680]LogModuleManager: Shutting down and abandoning module FacialAnimationEditor (248)
[2022.06.30-12.49.47:662][680]LogModuleManager: Shutting down and abandoning module FacialAnimation (246)
[2022.06.30-12.49.47:662][680]LogModuleManager: Shutting down and abandoning module AssetManagerEditor (244)
[2022.06.30-12.49.47:663][680]LogModuleManager: Shutting down and abandoning module GraphEditor (243)
[2022.06.30-12.49.47:663][680]LogModuleManager: Shutting down and abandoning module ContentBrowser (241)
[2022.06.30-12.49.47:667][680]LogModuleManager: Shutting down and abandoning module LightPropagationVolumeRuntime (238)
[2022.06.30-12.49.47:667][680]LogModuleManager: Shutting down and abandoning module Paper2D (236)
[2022.06.30-12.49.47:667][680]LogModuleManager: Shutting down and abandoning module WindowsMoviePlayer (234)
[2022.06.30-12.49.47:667][680]LogModuleManager: Shutting down and abandoning module WmfMedia (232)
[2022.06.30-12.49.47:677][680]LogModuleManager: Shutting down and abandoning module ImgMedia (230)
[2022.06.30-12.49.47:677][680]LogModuleManager: Shutting down and abandoning module PacketHandler (228)
[2022.06.30-12.49.47:677][680]LogModuleManager: Shutting down and abandoning module ClothingSystemEditor (226)
[2022.06.30-12.49.47:677][680]LogModuleManager: Shutting down and abandoning module ClothingSystemRuntime (224)
[2022.06.30-12.49.47:677][680]LogModuleManager: Shutting down and abandoning module MediaAssets (222)
[2022.06.30-12.49.47:677][680]LogModuleManager: Shutting down and abandoning module Media (221)
[2022.06.30-12.49.47:684][680]LogModuleManager: Shutting down and abandoning module Overlay (218)
[2022.06.30-12.49.47:684][680]LogModuleManager: Shutting down and abandoning module OverlayEditor (217)
[2022.06.30-12.49.47:685][680]LogModuleManager: Shutting down and abandoning module VREditor (214)
[2022.06.30-12.49.47:685][680]LogModuleManager: Shutting down and abandoning module StringTableEditor (212)
[2022.06.30-12.49.47:685][680]LogModuleManager: Shutting down and abandoning module GameplayTasksEditor (210)
[2022.06.30-12.49.47:685][680]LogModuleManager: Shutting down and abandoning module BehaviorTreeEditor (208)
[2022.06.30-12.49.47:685][680]LogModuleManager: Shutting down and abandoning module FunctionalTesting (206)
[2022.06.30-12.49.47:685][680]LogModuleManager: Shutting down and abandoning module CollisionAnalyzer (204)
[2022.06.30-12.49.47:685][680]LogModuleManager: Shutting down and abandoning module WorkspaceMenuStructure (203)
[2022.06.30-12.49.47:685][680]LogModuleManager: Shutting down and abandoning module UMG (200)
[2022.06.30-12.49.47:685][680]LogModuleManager: Shutting down and abandoning module UMGEditor (199)
[2022.06.30-12.49.47:686][680]LogModuleManager: Shutting down and abandoning module Sequencer (198)
[2022.06.30-12.49.47:686][680]LogModuleManager: Shutting down and abandoning module MessageLog (195)
[2022.06.30-12.49.47:686][680]LogModuleManager: Shutting down and abandoning module SlateReflector (190)
[2022.06.30-12.49.47:686][680]LogModuleManager: Shutting down and abandoning module Slate (188)
[2022.06.30-12.49.47:686][680]LogModuleManager: Shutting down and abandoning module EditorStyle (186)
[2022.06.30-12.49.47:696][680]LogModuleManager: Shutting down and abandoning module MRMesh (184)
[2022.06.30-12.49.47:696][680]LogModuleManager: Shutting down and abandoning module SourceCodeAccess (182)
[2022.06.30-12.49.47:696][680]LogModuleManager: Shutting down and abandoning module HeadMountedDisplay (180)
[2022.06.30-12.49.47:696][680]LogModuleManager: Shutting down and abandoning module XAudio2 (178)
[2022.06.30-12.49.47:696][680]LogModuleManager: Shutting down and abandoning module Networking (176)
[2022.06.30-12.49.47:696][680]LogModuleManager: Shutting down and abandoning module Core (172)
[2022.06.30-12.49.47:696][680]LogModuleManager: Shutting down and abandoning module LevelSequence (168)
[2022.06.30-12.49.47:697][680]LogModuleManager: Shutting down and abandoning module DirectoryWatcher (166)
[2022.06.30-12.49.47:711][680]LogModuleManager: Shutting down and abandoning module KismetCompiler (164)
[2022.06.30-12.49.47:711][680]LogModuleManager: Shutting down and abandoning module MeshUtilities (162)
[2022.06.30-12.49.47:711][680]LogModuleManager: Shutting down and abandoning module MeshMergeUtilities (161)
[2022.06.30-12.49.47:711][680]LogModuleManager: Shutting down and abandoning module MeshReductionInterface (160)
[2022.06.30-12.49.47:711][680]LogModuleManager: Shutting down and abandoning module SimplygonSwarm (159)
[2022.06.30-12.49.47:712][680]LogModuleManager: Shutting down and abandoning module SimplygonMeshReduction (157)
[2022.06.30-12.49.47:712][680]LogModuleManager: Shutting down and abandoning module QuadricMeshReduction (155)
[2022.06.30-12.49.47:712][680]LogModuleManager: Shutting down and abandoning module MaterialBaking (151)
[2022.06.30-12.49.47:712][680]LogModuleManager: Shutting down and abandoning module DerivedDataCache (148)
[2022.06.30-12.49.47:812][680]LogDerivedDataCache: Shutdown
[2022.06.30-12.49.47:812][680]LogModuleManager: Shutting down and abandoning module TargetPlatform (146)
[2022.06.30-12.49.47:812][680]LogModuleManager: Shutting down and abandoning module VulkanShaderFormat (145)
[2022.06.30-12.49.47:812][680]LogModuleManager: Shutting down and abandoning module ShaderFormatVectorVM (143)
[2022.06.30-12.49.47:812][680]LogModuleManager: Shutting down and abandoning module ShaderFormatOpenGL (141)
[2022.06.30-12.49.47:812][680]LogModuleManager: Shutting down and abandoning module ShaderFormatD3D (139)
[2022.06.30-12.49.47:812][680]LogModuleManager: Shutting down and abandoning module MetalShaderFormat (137)
[2022.06.30-12.49.47:813][680]LogModuleManager: Shutting down and abandoning module TextureFormatUncompressed (135)
[2022.06.30-12.49.47:813][680]LogModuleManager: Shutting down and abandoning module TextureFormatPVR (133)
[2022.06.30-12.49.47:813][680]LogModuleManager: Shutting down and abandoning module TextureFormatDXT (131)
[2022.06.30-12.49.47:813][680]LogModuleManager: Shutting down and abandoning module TextureFormatIntelISPCTexComp (129)
[2022.06.30-12.49.47:813][680]LogModuleManager: Shutting down and abandoning module TextureFormatASTC (127)
[2022.06.30-12.49.47:813][680]LogModuleManager: Shutting down and abandoning module ImageWrapper (126)
[2022.06.30-12.49.47:813][680]LogModuleManager: Shutting down and abandoning module TextureFormatAndroid (123)
[2022.06.30-12.49.47:813][680]LogModuleManager: Shutting down and abandoning module AudioFormatOpus (121)
[2022.06.30-12.49.47:813][680]LogModuleManager: Shutting down and abandoning module AudioFormatOgg (119)
[2022.06.30-12.49.47:813][680]LogModuleManager: Shutting down and abandoning module AudioFormatADPCM (117)
[2022.06.30-12.49.47:813][680]LogModuleManager: Shutting down and abandoning module LinuxTargetPlatform (115)
[2022.06.30-12.49.47:813][680]LogModuleManager: Shutting down and abandoning module LinuxServerTargetPlatform (113)
[2022.06.30-12.49.47:813][680]LogModuleManager: Shutting down and abandoning module LinuxNoEditorTargetPlatform (111)
[2022.06.30-12.49.47:814][680]LogModuleManager: Shutting down and abandoning module LinuxClientTargetPlatform (109)
[2022.06.30-12.49.47:814][680]LogModuleManager: Shutting down and abandoning module TVOSTargetPlatform (107)
[2022.06.30-12.49.47:814][680]LogModuleManager: Shutting down and abandoning module Messaging (105)
[2022.06.30-12.49.47:814][680]LogModuleManager: Shutting down and abandoning module IOSTargetPlatform (103)
[2022.06.30-12.49.47:814][680]LogModuleManager: Shutting down and abandoning module HTML5TargetPlatform (101)
[2022.06.30-12.49.47:814][680]LogModuleManager: Shutting down and abandoning module AndroidTargetPlatform (99)
[2022.06.30-12.49.47:814][680]LogModuleManager: Shutting down and abandoning module Android_PVRTCTargetPlatform (97)
[2022.06.30-12.49.47:814][680]LogModuleManager: Shutting down and abandoning module Android_MultiTargetPlatform (95)
[2022.06.30-12.49.47:814][680]LogModuleManager: Shutting down and abandoning module Android_ETC2TargetPlatform (93)
[2022.06.30-12.49.47:814][680]LogModuleManager: Shutting down and abandoning module Android_ETC1TargetPlatform (91)
[2022.06.30-12.49.47:814][680]LogModuleManager: Shutting down and abandoning module Android_DXTTargetPlatform (89)
[2022.06.30-12.49.47:814][680]LogModuleManager: Shutting down and abandoning module Android_ATCTargetPlatform (87)
[2022.06.30-12.49.47:814][680]LogModuleManager: Shutting down and abandoning module Android_ASTCTargetPlatform (85)
[2022.06.30-12.49.47:814][680]LogModuleManager: Shutting down and abandoning module WindowsTargetPlatform (83)
[2022.06.30-12.49.47:814][680]LogModuleManager: Shutting down and abandoning module WindowsServerTargetPlatform (81)
[2022.06.30-12.49.47:814][680]LogModuleManager: Shutting down and abandoning module WindowsNoEditorTargetPlatform (79)
[2022.06.30-12.49.47:815][680]LogModuleManager: Shutting down and abandoning module WindowsClientTargetPlatform (77)
[2022.06.30-12.49.47:815][680]LogModuleManager: Shutting down and abandoning module MacTargetPlatform (75)
[2022.06.30-12.49.47:815][680]LogModuleManager: Shutting down and abandoning module MacServerTargetPlatform (73)
[2022.06.30-12.49.47:815][680]LogModuleManager: Shutting down and abandoning module MacNoEditorTargetPlatform (71)
[2022.06.30-12.49.47:815][680]LogModuleManager: Shutting down and abandoning module MacClientTargetPlatform (69)
[2022.06.30-12.49.47:815][680]LogModuleManager: Shutting down and abandoning module AllDesktopTargetPlatform (67)
[2022.06.30-12.49.47:815][680]LogModuleManager: Shutting down and abandoning module InputCore (64)
[2022.06.30-12.49.47:815][680]LogModuleManager: Shutting down and abandoning module Settings (62)
[2022.06.30-12.49.47:815][680]LogModuleManager: Shutting down and abandoning module PhysXCooking (60)
[2022.06.30-12.49.47:815][680]LogModuleManager: Shutting down and abandoning module SteamVR (58)
[2022.06.30-12.49.47:815][680]LogModuleManager: Shutting down and abandoning module OculusHMD (56)
[2022.06.30-12.49.47:815][680]LogModuleManager: Shutting down and abandoning module ExampleDeviceProfileSelector (54)
[2022.06.30-12.49.47:815][680]LogModuleManager: Shutting down and abandoning module AppleARKit (52)
[2022.06.30-12.49.47:816][680]LogModuleManager: Shutting down and abandoning module AugmentedReality (51)
[2022.06.30-12.49.47:816][680]LogModuleManager: Shutting down and abandoning module OnlineBlueprintSupport (48)
[2022.06.30-12.49.47:816][680]LogModuleManager: Shutting down and abandoning module OnlineSubsystem (44)
[2022.06.30-12.49.47:816][680]LogModuleManager: Shutting down and abandoning module XMPP (43)
[2022.06.30-12.49.47:816][680]LogModuleManager: Shutting down and abandoning module HTTP (41)
[2022.06.30-12.49.47:816][680]LogHttp: Display: Http module shutting down, but needs to wait on 1 outstanding Http requests:
[2022.06.30-12.49.47:816][680]LogHttp: Display: 	verb=[POST] url=[https://datarouter.ol.epicgames.com/datarouter/api/v1/public/data?SessionID=%7BADFFAD6A-4941-67E5-FADD-51A9B621463F%7D&AppID=UEEditor.Rocket.Release&AppVersion=4.18.3-3832480%2B%2B%2BUE4%2BRelease-4.18&UserID=3b573ced4ec2f0080fdcb1a2dd981f8b%7C9d6f558acfd74aafb54559716100300f%7Cbd17ae89-cce6-4b42-ab3c-c90c10d10d61&AppEnvironment=datacollector-binary&UploadType=eteventstream] status=Processing
[2022.06.30-12.49.47:840][680]LogModuleManager: Shutting down and abandoning module SSL (40)
[2022.06.30-12.49.47:845][680]LogModuleManager: Shutting down and abandoning module AnimationModifiers (36)
[2022.06.30-12.49.47:845][680]LogModuleManager: Shutting down and abandoning module PropertyEditor (35)
[2022.06.30-12.49.47:845][680]LogModuleManager: Shutting down and abandoning module AudioEditor (32)
[2022.06.30-12.49.47:845][680]LogModuleManager: Shutting down and abandoning module TextureCompressor (30)
[2022.06.30-12.49.47:846][680]LogModuleManager: Shutting down and abandoning module ShaderCore (28)
[2022.06.30-12.49.47:846][680]LogModuleManager: Shutting down and abandoning module Landscape (26)
[2022.06.30-12.49.47:846][680]LogModuleManager: Shutting down and abandoning module SlateRHIRenderer (24)
[2022.06.30-12.49.47:850][680]LogModuleManager: Shutting down and abandoning module OpenGLDrv (22)
[2022.06.30-12.49.47:850][680]LogModuleManager: Shutting down and abandoning module D3D11RHI (20)
[2022.06.30-12.49.47:850][680]LogModuleManager: Shutting down and abandoning module AnimGraphRuntime (18)
[2022.06.30-12.49.47:851][680]LogModuleManager: Shutting down and abandoning module Renderer (16)
[2022.06.30-12.49.47:851][680]LogModuleManager: Shutting down and abandoning module Engine (14)
[2022.06.30-12.49.47:851][680]LogModuleManager: Shutting down and abandoning module CoreUObject (12)
[2022.06.30-12.49.47:851][680]LogModuleManager: Shutting down and abandoning module NetworkFile (10)
[2022.06.30-12.49.47:851][680]LogModuleManager: Shutting down and abandoning module CookedIterativeFile (8)
[2022.06.30-12.49.47:851][680]LogModuleManager: Shutting down and abandoning module StreamingFile (6)
[2022.06.30-12.49.47:851][680]LogModuleManager: Shutting down and abandoning module SandboxFile (4)
[2022.06.30-12.49.47:851][680]LogModuleManager: Shutting down and abandoning module PakFile (2)
[2022.06.30-12.49.47:871][680]LogExit: Exiting.
[2022.06.30-12.49.47:917][680]Log file closed, 06/30/22 14:49:47
